#
# There is insufficient memory for the Java Runtime Environment to continue.
# Native memory allocation (mmap) failed to map 41943040 bytes for committing reserved memory.
# Possible reasons:
#   The system is out of physical RAM or swap space
#   In 32 bit mode, the process size limit was hit
# Possible solutions:
#   Reduce memory load on the system
#   Increase physical memory or swap space
#   Check if swap backing store is full
#   Use 64 bit Java on a 64 bit OS
#   Decrease Java heap size (-Xmx/-Xms)
#   Decrease number of Java threads
#   Decrease Java thread stack sizes (-Xss)
#   Set larger code cache with -XX:ReservedCodeCacheSize=
# This output file may be truncated or incomplete.
#
#  Out of Memory Error (os_linux.cpp:2671), pid=13430, tid=139743385593600
#
# JRE version: Java(TM) SE Runtime Environment (8.0_25-b17) (build 1.8.0_25-b17)
# Java VM: Java HotSpot(TM) 64-Bit Server VM (25.25-b02 mixed mode linux-amd64 compressed oops)
# Failed to write core dump. Core dumps have been disabled. To enable core dumping, try "ulimit -c unlimited" before starting Java again
#

---------------  T H R E A D  ---------------

Current thread (0x00007f189c13a800):  VMThread [stack: 0x00007f188acba000,0x00007f188adbb000] [id=13437]

Stack: [0x00007f188acba000,0x00007f188adbb000],  sp=0x00007f188adb91f0,  free space=1020k
Native frames: (J=compiled Java code, j=interpreted, Vv=VM code, C=native code)
V  [libjvm.so+0xa7923a]  VMError::report_and_die()+0x2ca
V  [libjvm.so+0x4e552b]  report_vm_out_of_memory(char const*, int, unsigned long, VMErrorType, char const*)+0x8b
V  [libjvm.so+0x8e5613]  os::Linux::commit_memory_impl(char*, unsigned long, bool)+0x103
V  [libjvm.so+0x8e5b69]  os::pd_commit_memory(char*, unsigned long, unsigned long, bool)+0x29
V  [libjvm.so+0x8df83a]  os::commit_memory(char*, unsigned long, unsigned long, bool)+0x2a
V  [libjvm.so+0x94f923]  PSVirtualSpace::expand_by(unsigned long)+0x53
V  [libjvm.so+0x950d28]  PSYoungGen::resize_generation(unsigned long, unsigned long)+0xf8
V  [libjvm.so+0x94fe82]  PSYoungGen::resize(unsigned long, unsigned long)+0x22
V  [libjvm.so+0x94d163]  PSScavenge::invoke_no_policy()+0xf53
V  [libjvm.so+0x94d8e1]  PSScavenge::invoke()+0x41
V  [libjvm.so+0x907800]  ParallelScavengeHeap::failed_mem_allocate(unsigned long)+0x70
V  [libjvm.so+0xa7a8b7]  VM_ParallelGCFailedAllocation::doit()+0x97
V  [libjvm.so+0xa81fd5]  VM_Operation::evaluate()+0x55
V  [libjvm.so+0xa803aa]  VMThread::evaluate_operation(VM_Operation*)+0xba
V  [libjvm.so+0xa8072e]  VMThread::loop()+0x1ce
V  [libjvm.so+0xa80ba0]  VMThread::run()+0x70
V  [libjvm.so+0x8e7d48]  java_start(Thread*)+0x108

VM_Operation (0x00007f18887641d0): ParallelGCFailedAllocation, mode: safepoint, requested by thread 0x00007f189d1ba800


---------------  P R O C E S S  ---------------

Java Threads: ( => current thread )
  0x00007f184800c000 JavaThread "pool-2-thread-5" [_thread_blocked, id=13469, stack(0x00007f1888066000,0x00007f1888167000)]
  0x00007f189d1c7800 JavaThread "pool-2-thread-4" [_thread_blocked, id=13468, stack(0x00007f1888367000,0x00007f1888468000)]
  0x00007f189d1be000 JavaThread "pool-2-thread-3" [_thread_blocked, id=13467, stack(0x00007f1888468000,0x00007f1888569000)]
  0x00007f189d1bd000 JavaThread "pool-2-thread-2" [_thread_blocked, id=13466, stack(0x00007f1888569000,0x00007f188866a000)]
  0x00007f189d1ba800 JavaThread "pool-2-thread-1" [_thread_blocked, id=13465, stack(0x00007f188866a000,0x00007f188876b000)]
  0x00007f189c18f800 JavaThread "Service Thread" daemon [_thread_blocked, id=13447, stack(0x00007f1889d9f000,0x00007f1889ea0000)]
  0x00007f189c177800 JavaThread "C1 CompilerThread2" daemon [_thread_blocked, id=13446, stack(0x00007f1889ea0000,0x00007f1889fa1000)]
  0x00007f189c175800 JavaThread "C2 CompilerThread1" daemon [_thread_blocked, id=13445, stack(0x00007f1889fa1000,0x00007f188a0a2000)]
  0x00007f189c173000 JavaThread "C2 CompilerThread0" daemon [_thread_blocked, id=13444, stack(0x00007f188a0a2000,0x00007f188a1a3000)]
  0x00007f189c170800 JavaThread "Signal Dispatcher" daemon [_thread_blocked, id=13442, stack(0x00007f188a1a3000,0x00007f188a2a4000)]
  0x00007f189c143800 JavaThread "Finalizer" daemon [_thread_blocked, id=13439, stack(0x00007f188aab8000,0x00007f188abb9000)]
  0x00007f189c141800 JavaThread "Reference Handler" daemon [_thread_blocked, id=13438, stack(0x00007f188abb9000,0x00007f188acba000)]
  0x00007f189c00a000 JavaThread "main" [_thread_blocked, id=13432, stack(0x00007f18a2764000,0x00007f18a2865000)]

Other Threads:
=>0x00007f189c13a800 VMThread [stack: 0x00007f188acba000,0x00007f188adbb000] [id=13437]
  0x00007f189c192000 WatcherThread [stack: 0x00007f1889c9e000,0x00007f1889d9f000] [id=13448]

VM state:at safepoint (normal execution)

VM Mutex/Monitor currently owned by a thread:  ([mutex/lock_event])
[0x00007f189c006290] Threads_lock - owner thread: 0x00007f189c13a800
[0x00007f189c006790] Heap_lock - owner thread: 0x00007f189d1ba800

Heap:
 PSYoungGen      total 120320K, used 5120K [0x00000000f0000000, 0x00000000f8300000, 0x0000000100000000)
  eden space 110080K, 0% used [0x00000000f0000000,0x00000000f0000000,0x00000000f6b80000)
  from space 10240K, 50% used [0x00000000f6b80000,0x00000000f7080000,0x00000000f7580000)
  to   space 10752K, 0% used [0x00000000f7580000,0x00000000f7580000,0x00000000f8000000)
 ParOldGen       total 50176K, used 11877K [0x00000000d0000000, 0x00000000d3100000, 0x00000000f0000000)
  object space 50176K, 23% used [0x00000000d0000000,0x00000000d0b995b8,0x00000000d3100000)
 Metaspace       used 35402K, capacity 35666K, committed 35968K, reserved 1079296K
  class space    used 6406K, capacity 6504K, committed 6528K, reserved 1048576K

Card table byte_map: [0x00007f18a000d000,0x00007f18a018e000] byte_map_base: 0x00007f189f98d000

Marking Bits: (ParMarkBitMap*) 0x00007f18a1c3b2c0
 Begin Bits: [0x00007f1882800000, 0x00007f1883400000)
 End Bits:   [0x00007f1883400000, 0x00007f1884000000)

Polling page: 0x00007f18a2882000

CodeCache: size=245760Kb used=13404Kb max_used=13946Kb free=232355Kb
 bounds [0x00007f188c7b3000, 0x00007f188d583000, 0x00007f189b7b3000]
 total_blobs=5087 nmethods=4673 adapters=326
 compilation: enabled

Compilation events (10 events):
Event: 18,791 Thread 0x00007f189c177800 5296       2       java.util.Collections$SingletonSet::size (2 bytes)
Event: 18,791 Thread 0x00007f189c177800 nmethod 5296 0x00007f188ca1ab50 code [0x00007f188ca1aca0, 0x00007f188ca1adf0]
Event: 18,792 Thread 0x00007f189c177800 5297       2       org.apache.ivy.plugins.matcher.MatcherHelper::matches (66 bytes)
Event: 18,808 Thread 0x00007f189c177800 nmethod 5297 0x00007f188ce38d90 code [0x00007f188ce38fc0, 0x00007f188ce39608]
Event: 18,821 Thread 0x00007f189c177800 5299       2       java.lang.String::replaceAll (13 bytes)
Event: 18,821 Thread 0x00007f189c177800 nmethod 5299 0x00007f188cf3a550 code [0x00007f188cf3a6e0, 0x00007f188cf3a908]
Event: 18,821 Thread 0x00007f189c177800 5300       2       java.util.regex.Matcher::replaceAll (59 bytes)
Event: 18,826 Thread 0x00007f189c177800 nmethod 5300 0x00007f188cec9610 code [0x00007f188cec97e0, 0x00007f188cec9db8]
Event: 19,045 Thread 0x00007f189c175800 nmethod 5285 0x00007f188d26c390 code [0x00007f188d26c8e0, 0x00007f188d270670]
Event: 19,045 Thread 0x00007f189c175800 5245       4       org.apache.ivy.core.settings.IvySettings::debugConflictResolution (49 bytes)

GC Heap History (10 events):
Event: 13,404 GC heap after
Heap after GC invocations=10 (full 1):
 PSYoungGen      total 77824K, used 8680K [0x00000000f0000000, 0x00000000f6900000, 0x0000000100000000)
  eden space 68608K, 0% used [0x00000000f0000000,0x00000000f0000000,0x00000000f4300000)
  from space 9216K, 94% used [0x00000000f4300000,0x00000000f4b7a010,0x00000000f4c00000)
  to   space 10240K, 0% used [0x00000000f5f00000,0x00000000f5f00000,0x00000000f6900000)
 ParOldGen       total 34304K, used 7841K [0x00000000d0000000, 0x00000000d2180000, 0x00000000f0000000)
  object space 34304K, 22% used [0x00000000d0000000,0x00000000d07a8530,0x00000000d2180000)
 Metaspace       used 34883K, capacity 35182K, committed 35456K, reserved 1079296K
  class space    used 6410K, capacity 6492K, committed 6528K, reserved 1048576K
}
Event: 14,434 GC heap before
{Heap before GC invocations=11 (full 1):
 PSYoungGen      total 77824K, used 45107K [0x00000000f0000000, 0x00000000f6900000, 0x0000000100000000)
  eden space 68608K, 53% used [0x00000000f0000000,0x00000000f2392d68,0x00000000f4300000)
  from space 9216K, 94% used [0x00000000f4300000,0x00000000f4b7a010,0x00000000f4c00000)
  to   space 10240K, 0% used [0x00000000f5f00000,0x00000000f5f00000,0x00000000f6900000)
 ParOldGen       total 34304K, used 7841K [0x00000000d0000000, 0x00000000d2180000, 0x00000000f0000000)
  object space 34304K, 22% used [0x00000000d0000000,0x00000000d07a8530,0x00000000d2180000)
 Metaspace       used 35055K, capacity 35310K, committed 35456K, reserved 1079296K
  class space    used 6410K, capacity 6492K, committed 6528K, reserved 1048576K
Event: 14,453 GC heap after
Heap after GC invocations=11 (full 1):
 PSYoungGen      total 96256K, used 8696K [0x00000000f0000000, 0x00000000f6c00000, 0x0000000100000000)
  eden space 86016K, 0% used [0x00000000f0000000,0x00000000f0000000,0x00000000f5400000)
  from space 10240K, 84% used [0x00000000f5f00000,0x00000000f677e020,0x00000000f6900000)
  to   space 11264K, 0% used [0x00000000f5400000,0x00000000f5400000,0x00000000f5f00000)
 ParOldGen       total 34304K, used 7849K [0x00000000d0000000, 0x00000000d2180000, 0x00000000f0000000)
  object space 34304K, 22% used [0x00000000d0000000,0x00000000d07aa530,0x00000000d2180000)
 Metaspace       used 35055K, capacity 35310K, committed 35456K, reserved 1079296K
  class space    used 6410K, capacity 6492K, committed 6528K, reserved 1048576K
}
Event: 14,453 GC heap before
{Heap before GC invocations=12 (full 2):
 PSYoungGen      total 96256K, used 8696K [0x00000000f0000000, 0x00000000f6c00000, 0x0000000100000000)
  eden space 86016K, 0% used [0x00000000f0000000,0x00000000f0000000,0x00000000f5400000)
  from space 10240K, 84% used [0x00000000f5f00000,0x00000000f677e020,0x00000000f6900000)
  to   space 11264K, 0% used [0x00000000f5400000,0x00000000f5400000,0x00000000f5f00000)
 ParOldGen       total 34304K, used 7849K [0x00000000d0000000, 0x00000000d2180000, 0x00000000f0000000)
  object space 34304K, 22% used [0x00000000d0000000,0x00000000d07aa530,0x00000000d2180000)
 Metaspace       used 35055K, capacity 35310K, committed 35456K, reserved 1079296K
  class space    used 6410K, capacity 6492K, committed 6528K, reserved 1048576K
Event: 14,604 GC heap after
Heap after GC invocations=12 (full 2):
 PSYoungGen      total 96256K, used 0K [0x00000000f0000000, 0x00000000f6c00000, 0x0000000100000000)
  eden space 86016K, 0% used [0x00000000f0000000,0x00000000f0000000,0x00000000f5400000)
  from space 10240K, 0% used [0x00000000f5f00000,0x00000000f5f00000,0x00000000f6900000)
  to   space 11264K, 0% used [0x00000000f5400000,0x00000000f5400000,0x00000000f5f00000)
 ParOldGen       total 50176K, used 11861K [0x00000000d0000000, 0x00000000d3100000, 0x00000000f0000000)
  object space 50176K, 23% used [0x00000000d0000000,0x00000000d0b955b8,0x00000000d3100000)
 Metaspace       used 35033K, capacity 35250K, committed 35456K, reserved 1079296K
  class space    used 6404K, capacity 6472K, committed 6528K, reserved 1048576K
}
Event: 16,506 GC heap before
{Heap before GC invocations=13 (full 2):
 PSYoungGen      total 96256K, used 86016K [0x00000000f0000000, 0x00000000f6c00000, 0x0000000100000000)
  eden space 86016K, 100% used [0x00000000f0000000,0x00000000f5400000,0x00000000f5400000)
  from space 10240K, 0% used [0x00000000f5f00000,0x00000000f5f00000,0x00000000f6900000)
  to   space 11264K, 0% used [0x00000000f5400000,0x00000000f5400000,0x00000000f5f00000)
 ParOldGen       total 50176K, used 11861K [0x00000000d0000000, 0x00000000d3100000, 0x00000000f0000000)
  object space 50176K, 23% used [0x00000000d0000000,0x00000000d0b955b8,0x00000000d3100000)
 Metaspace       used 35297K, capacity 35538K, committed 35712K, reserved 1079296K
  class space    used 6406K, capacity 6504K, committed 6528K, reserved 1048576K
Event: 16,528 GC heap after
Heap after GC invocations=13 (full 2):
 PSYoungGen      total 97280K, used 3840K [0x00000000f0000000, 0x00000000f8000000, 0x0000000100000000)
  eden space 86016K, 0% used [0x00000000f0000000,0x00000000f0000000,0x00000000f5400000)
  from space 11264K, 34% used [0x00000000f5400000,0x00000000f57c0000,0x00000000f5f00000)
  to   space 10752K, 0% used [0x00000000f7580000,0x00000000f7580000,0x00000000f8000000)
 ParOldGen       total 50176K, used 11869K [0x00000000d0000000, 0x00000000d3100000, 0x00000000f0000000)
  object space 50176K, 23% used [0x00000000d0000000,0x00000000d0b975b8,0x00000000d3100000)
 Metaspace       used 35297K, capacity 35538K, committed 35712K, reserved 1079296K
  class space    used 6406K, capacity 6504K, committed 6528K, reserved 1048576K
}
Event: 18,188 GC heap before
{Heap before GC invocations=14 (full 2):
 PSYoungGen      total 97280K, used 89856K [0x00000000f0000000, 0x00000000f8000000, 0x0000000100000000)
  eden space 86016K, 100% used [0x00000000f0000000,0x00000000f5400000,0x00000000f5400000)
  from space 11264K, 34% used [0x00000000f5400000,0x00000000f57c0000,0x00000000f5f00000)
  to   space 10752K, 0% used [0x00000000f7580000,0x00000000f7580000,0x00000000f8000000)
 ParOldGen       total 50176K, used 11869K [0x00000000d0000000, 0x00000000d3100000, 0x00000000f0000000)
  object space 50176K, 23% used [0x00000000d0000000,0x00000000d0b975b8,0x00000000d3100000)
 Metaspace       used 35393K, capacity 35666K, committed 35968K, reserved 1079296K
  class space    used 6406K, capacity 6504K, committed 6528K, reserved 1048576K
Event: 18,248 GC heap after
Heap after GC invocations=14 (full 2):
 PSYoungGen      total 120832K, used 5664K [0x00000000f0000000, 0x00000000f8300000, 0x0000000100000000)
  eden space 110080K, 0% used [0x00000000f0000000,0x00000000f0000000,0x00000000f6b80000)
  from space 10752K, 52% used [0x00000000f7580000,0x00000000f7b08000,0x00000000f8000000)
  to   space 10240K, 0% used [0x00000000f6b80000,0x00000000f6b80000,0x00000000f7580000)
 ParOldGen       total 50176K, used 11877K [0x00000000d0000000, 0x00000000d3100000, 0x00000000f0000000)
  object space 50176K, 23% used [0x00000000d0000000,0x00000000d0b995b8,0x00000000d3100000)
 Metaspace       used 35393K, capacity 35666K, committed 35968K, reserved 1079296K
  class space    used 6406K, capacity 6504K, committed 6528K, reserved 1048576K
}
Event: 19,223 GC heap before
{Heap before GC invocations=15 (full 2):
 PSYoungGen      total 120832K, used 115744K [0x00000000f0000000, 0x00000000f8300000, 0x0000000100000000)
  eden space 110080K, 100% used [0x00000000f0000000,0x00000000f6b80000,0x00000000f6b80000)
  from space 10752K, 52% used [0x00000000f7580000,0x00000000f7b08000,0x00000000f8000000)
  to   space 10240K, 0% used [0x00000000f6b80000,0x00000000f6b80000,0x00000000f7580000)
 ParOldGen       total 50176K, used 11877K [0x00000000d0000000, 0x00000000d3100000, 0x00000000f0000000)
  object space 50176K, 23% used [0x00000000d0000000,0x00000000d0b995b8,0x00000000d3100000)
 Metaspace       used 35402K, capacity 35666K, committed 35968K, reserved 1079296K
  class space    used 6406K, capacity 6504K, committed 6528K, reserved 1048576K

Deoptimization events (10 events):
Event: 13,219 Thread 0x00007f189d1ba800 Uncommon trap: reason=unreached action=reinterpret pc=0x00007f188d23fdd4 method=org.apache.ivy.core.module.id.ModuleRules.getRules(Ljava/util/Map;Lorg/apache/ivy/util/filter/Filter;)[Ljava/lang/Object; @ 31
Event: 17,787 Thread 0x00007f189d1ba800 Uncommon trap: reason=bimorphic action=maybe_recompile pc=0x00007f188d56f3d8 method=java.util.ArrayList.<init>(Ljava/util/Collection;)V @ 6
Event: 17,789 Thread 0x00007f189d1ba800 Uncommon trap: reason=bimorphic action=maybe_recompile pc=0x00007f188d3b2378 method=java.util.AbstractCollection.toArray()[Ljava/lang/Object; @ 1
Event: 17,790 Thread 0x00007f189d1ba800 Uncommon trap: reason=bimorphic action=maybe_recompile pc=0x00007f188d56f3d8 method=java.util.ArrayList.<init>(Ljava/util/Collection;)V @ 6
Event: 17,790 Thread 0x00007f189d1ba800 Uncommon trap: reason=bimorphic action=maybe_recompile pc=0x00007f188d3b2378 method=java.util.AbstractCollection.toArray()[Ljava/lang/Object; @ 1
Event: 17,790 Thread 0x00007f189d1ba800 Uncommon trap: reason=bimorphic action=maybe_recompile pc=0x00007f188d56f3d8 method=java.util.ArrayList.<init>(Ljava/util/Collection;)V @ 6
Event: 17,790 Thread 0x00007f189d1ba800 Uncommon trap: reason=bimorphic action=maybe_recompile pc=0x00007f188d3b2378 method=java.util.AbstractCollection.toArray()[Ljava/lang/Object; @ 1
Event: 17,790 Thread 0x00007f189d1ba800 Uncommon trap: reason=bimorphic action=maybe_recompile pc=0x00007f188d56f3d8 method=java.util.ArrayList.<init>(Ljava/util/Collection;)V @ 6
Event: 17,790 Thread 0x00007f189d1ba800 Uncommon trap: reason=bimorphic action=maybe_recompile pc=0x00007f188d3b2378 method=java.util.AbstractCollection.toArray()[Ljava/lang/Object; @ 1
Event: 17,790 Thread 0x00007f189d1ba800 Uncommon trap: reason=bimorphic action=maybe_recompile pc=0x00007f188d52ccc4 method=java.util.ArrayList.<init>(Ljava/util/Collection;)V @ 6

Internal exceptions (10 events):
Event: 12,086 Thread 0x00007f189d1ba800 Exception <a 'java/security/PrivilegedActionException'> (0x00000000f1147670) thrown at [/HUDSON/workspace/8-2-build-linux-amd64/jdk8u25/1514/hotspot/src/share/vm/prims/jvm.cpp, line 1312]
Event: 12,087 Thread 0x00007f189d1ba800 Exception <a 'java/security/PrivilegedActionException'> (0x00000000f1148280) thrown at [/HUDSON/workspace/8-2-build-linux-amd64/jdk8u25/1514/hotspot/src/share/vm/prims/jvm.cpp, line 1312]
Event: 12,087 Thread 0x00007f189d1ba800 Exception <a 'java/security/PrivilegedActionException'> (0x00000000f1149888) thrown at [/HUDSON/workspace/8-2-build-linux-amd64/jdk8u25/1514/hotspot/src/share/vm/prims/jvm.cpp, line 1312]
Event: 12,088 Thread 0x00007f189d1ba800 Exception <a 'java/security/PrivilegedActionException'> (0x00000000f114e988) thrown at [/HUDSON/workspace/8-2-build-linux-amd64/jdk8u25/1514/hotspot/src/share/vm/prims/jvm.cpp, line 1312]
Event: 12,088 Thread 0x00007f189d1ba800 Exception <a 'java/security/PrivilegedActionException'> (0x00000000f114f640) thrown at [/HUDSON/workspace/8-2-build-linux-amd64/jdk8u25/1514/hotspot/src/share/vm/prims/jvm.cpp, line 1312]
Event: 12,088 Thread 0x00007f189d1ba800 Exception <a 'java/security/PrivilegedActionException'> (0x00000000f1150e90) thrown at [/HUDSON/workspace/8-2-build-linux-amd64/jdk8u25/1514/hotspot/src/share/vm/prims/jvm.cpp, line 1312]
Event: 12,505 Thread 0x00007f189d1ba800 Exception <a 'java/security/PrivilegedActionException'> (0x00000000f241ba28) thrown at [/HUDSON/workspace/8-2-build-linux-amd64/jdk8u25/1514/hotspot/src/share/vm/prims/jvm.cpp, line 1312]
Event: 12,506 Thread 0x00007f189d1ba800 Exception <a 'java/security/PrivilegedActionException'> (0x00000000f24228a0) thrown at [/HUDSON/workspace/8-2-build-linux-amd64/jdk8u25/1514/hotspot/src/share/vm/prims/jvm.cpp, line 1312]
Event: 12,556 Thread 0x00007f189d1ba800 Exception <a 'java/security/PrivilegedActionException'> (0x00000000f265f338) thrown at [/HUDSON/workspace/8-2-build-linux-amd64/jdk8u25/1514/hotspot/src/share/vm/prims/jvm.cpp, line 1312]
Event: 12,827 Thread 0x00007f189d1ba800 Exception <a 'java/security/PrivilegedActionException'> (0x00000000f33fff00) thrown at [/HUDSON/workspace/8-2-build-linux-amd64/jdk8u25/1514/hotspot/src/share/vm/prims/jvm.cpp, line 1312]

Events (10 events):
Event: 18,560 Thread 0x00007f189c177800 flushing nmethod 0x00007f188cf91250
Event: 18,560 Thread 0x00007f189c177800 flushing nmethod 0x00007f188cfaed90
Event: 18,561 Thread 0x00007f189c177800 flushing nmethod 0x00007f188cfc4d10
Event: 18,562 Thread 0x00007f189c177800 flushing nmethod 0x00007f188d03e290
Event: 18,562 Thread 0x00007f189c177800 flushing nmethod 0x00007f188d07af90
Event: 18,562 Thread 0x00007f189c177800 flushing nmethod 0x00007f188d07fb50
Event: 18,568 Thread 0x00007f189c177800 flushing nmethod 0x00007f188d225590
Event: 18,570 Thread 0x00007f189c177800 flushing nmethod 0x00007f188d23fa90
Event: 18,571 Thread 0x00007f189c177800 flushing nmethod 0x00007f188d26c1d0
Event: 19,156 Executing VM operation: ParallelGCFailedAllocation


Dynamic libraries:
00400000-00401000 r-xp 00000000 08:02 3286214                            /usr/local/java/jdk1.8.0_25/bin/java
00600000-00601000 rw-p 00000000 08:02 3286214                            /usr/local/java/jdk1.8.0_25/bin/java
01aa8000-01ac9000 rw-p 00000000 00:00 0                                  [heap]
d0000000-d3100000 rw-p 00000000 00:00 0 
d3100000-f0000000 ---p 00000000 00:00 0 
f0000000-f8300000 rw-p 00000000 00:00 0 
fab00000-100000000 ---p 00000000 00:00 0 
100000000-100660000 rw-p 00000000 00:00 0 
100660000-140000000 ---p 00000000 00:00 0 
7f1834000000-7f1834021000 rw-p 00000000 00:00 0 
7f1834021000-7f1838000000 ---p 00000000 00:00 0 
7f183c000000-7f183c021000 rw-p 00000000 00:00 0 
7f183c021000-7f1840000000 ---p 00000000 00:00 0 
7f1840000000-7f1840021000 rw-p 00000000 00:00 0 
7f1840021000-7f1844000000 ---p 00000000 00:00 0 
7f1844000000-7f18445af000 rw-p 00000000 00:00 0 
7f18445af000-7f1848000000 ---p 00000000 00:00 0 
7f1848000000-7f1848021000 rw-p 00000000 00:00 0 
7f1848021000-7f184c000000 ---p 00000000 00:00 0 
7f184c000000-7f184c021000 rw-p 00000000 00:00 0 
7f184c021000-7f1850000000 ---p 00000000 00:00 0 
7f1850000000-7f1850021000 rw-p 00000000 00:00 0 
7f1850021000-7f1854000000 ---p 00000000 00:00 0 
7f1854000000-7f18551cb000 rw-p 00000000 00:00 0 
7f18551cb000-7f1858000000 ---p 00000000 00:00 0 
7f1858000000-7f1858cea000 rw-p 00000000 00:00 0 
7f1858cea000-7f185c000000 ---p 00000000 00:00 0 
7f185c000000-7f185c021000 rw-p 00000000 00:00 0 
7f185c021000-7f1860000000 ---p 00000000 00:00 0 
7f1860000000-7f1861d52000 rw-p 00000000 00:00 0 
7f1861d52000-7f1864000000 ---p 00000000 00:00 0 
7f1864000000-7f1864021000 rw-p 00000000 00:00 0 
7f1864021000-7f1868000000 ---p 00000000 00:00 0 
7f1868000000-7f1868021000 rw-p 00000000 00:00 0 
7f1868021000-7f186c000000 ---p 00000000 00:00 0 
7f186c000000-7f186c021000 rw-p 00000000 00:00 0 
7f186c021000-7f1870000000 ---p 00000000 00:00 0 
7f1870000000-7f187036e000 rw-p 00000000 00:00 0 
7f187036e000-7f1874000000 ---p 00000000 00:00 0 
7f1874000000-7f1874021000 rw-p 00000000 00:00 0 
7f1874021000-7f1878000000 ---p 00000000 00:00 0 
7f187c000000-7f187c02b000 rw-p 00000000 00:00 0 
7f187c02b000-7f1880000000 ---p 00000000 00:00 0 
7f1881880000-7f1881940000 rw-p 00000000 00:00 0 
7f1881940000-7f1881a80000 ---p 00000000 00:00 0 
7f1881a80000-7f1881c80000 rw-p 00000000 00:00 0 
7f1881c80000-7f1881e80000 rw-p 00000000 00:00 0 
7f1881e80000-7f1884000000 rw-p 00000000 00:00 0 
7f1884000000-7f1884021000 rw-p 00000000 00:00 0 
7f1884021000-7f1888000000 ---p 00000000 00:00 0 
7f1888052000-7f1888053000 rw-p 00000000 00:00 0 
7f1888053000-7f1888066000 r--s 00344000 08:02 3424795                    /usr/local/java/jdk1.8.0_25/jre/lib/resources.jar
7f1888066000-7f1888069000 ---p 00000000 00:00 0 
7f1888069000-7f1888367000 rw-p 00000000 00:00 0                          [stack:13469]
7f1888367000-7f188836a000 ---p 00000000 00:00 0 
7f188836a000-7f1888468000 rw-p 00000000 00:00 0                          [stack:13468]
7f1888468000-7f188846b000 ---p 00000000 00:00 0 
7f188846b000-7f1888569000 rw-p 00000000 00:00 0                          [stack:13467]
7f1888569000-7f188856c000 ---p 00000000 00:00 0 
7f188856c000-7f188866a000 rw-p 00000000 00:00 0                          [stack:13466]
7f188866a000-7f188866d000 ---p 00000000 00:00 0 
7f188866d000-7f188896b000 rw-p 00000000 00:00 0                          [stack:13465]
7f188896b000-7f1888b6b000 rw-p 00000000 00:00 0 
7f1888b6b000-7f1888d6b000 rw-p 00000000 00:00 0 
7f1888d6b000-7f1888f6b000 rw-p 00000000 00:00 0 
7f1888f6b000-7f188916b000 rw-p 00000000 00:00 0 
7f188916b000-7f188936b000 rw-p 00000000 00:00 0 
7f188936b000-7f1889387000 r--s 00393000 08:02 3811054                    /usr/local/java/jdk1.8.0_25/jre/lib/ext/cldrdata.jar
7f1889387000-7f1889391000 r--s 00116000 08:02 3811048                    /usr/local/java/jdk1.8.0_25/jre/lib/ext/localedata.jar
7f1889391000-7f1889398000 r--s 00000000 08:02 3286531                    /usr/lib/x86_64-linux-gnu/gconv/gconv-modules.cache
7f1889398000-7f18893c7000 r--p 00000000 08:02 3676527                    /usr/share/locale-langpack/ru/LC_MESSAGES/libc.mo
7f18893c7000-7f18893cb000 r--s 00093000 08:02 3424787                    /usr/local/java/jdk1.8.0_25/jre/lib/jsse.jar
7f18893cb000-7f18893cd000 r--s 0000b000 08:02 3439112                    /home/norpadon/.sbt/boot/scala-2.10.4/org.scala-sbt/sbt/0.13.5/xsbti/interface-0.13.5.jar
7f18893cd000-7f18893cf000 r--s 00014000 08:02 3298059                    /home/norpadon/.sbt/boot/scala-2.10.4/org.scala-sbt/sbt/0.13.5/apply-macro-0.13.5.jar
7f18893cf000-7f18893d2000 r--s 00030000 08:02 3298063                    /home/norpadon/.sbt/boot/scala-2.10.4/org.scala-sbt/sbt/0.13.5/jline-2.11.jar
7f18893d2000-7f18893d5000 r--s 0001e000 08:02 3298038                    /home/norpadon/.sbt/boot/scala-2.10.4/org.scala-sbt/sbt/0.13.5/run-0.13.5.jar
7f18893d5000-7f18895d5000 rw-p 00000000 00:00 0 
7f18895d5000-7f18895da000 r--s 00036000 08:02 3298071                    /home/norpadon/.sbt/boot/scala-2.10.4/org.scala-sbt/sbt/0.13.5/command-0.13.5.jar
7f18895da000-7f18895dc000 r--s 00002000 08:02 3298047                    /home/norpadon/.sbt/boot/scala-2.10.4/org.scala-sbt/sbt/0.13.5/control-0.13.5.jar
7f18895dc000-7f18895df000 r--s 00013000 08:02 3298050                    /home/norpadon/.sbt/boot/scala-2.10.4/org.scala-sbt/sbt/0.13.5/classpath-0.13.5.jar
7f18895df000-7f18895e2000 r--s 00019000 08:02 3298045                    /home/norpadon/.sbt/boot/scala-2.10.4/org.scala-sbt/sbt/0.13.5/compile-0.13.5.jar
7f18895e2000-7f18895ea000 r--s 0005e000 08:02 3298037                    /home/norpadon/.sbt/boot/scala-2.10.4/org.scala-sbt/sbt/0.13.5/incremental-compiler-0.13.5.jar
7f18895ea000-7f18895ee000 r--s 00024000 08:02 3298060                    /home/norpadon/.sbt/boot/scala-2.10.4/org.scala-sbt/sbt/0.13.5/persist-0.13.5.jar
7f18895ee000-7f18895f1000 r--s 0001a000 08:02 3298058                    /home/norpadon/.sbt/boot/scala-2.10.4/org.scala-sbt/sbt/0.13.5/cache-0.13.5.jar
7f18895f1000-7f1889606000 r--s 00116000 08:02 3298035                    /home/norpadon/.sbt/boot/scala-2.10.4/org.scala-sbt/sbt/0.13.5/ivy-2.3.0.jar
7f1889606000-7f1889609000 r--s 0001d000 08:02 3298040                    /home/norpadon/.sbt/boot/scala-2.10.4/org.scala-sbt/sbt/0.13.5/task-system-0.13.5.jar
7f1889609000-7f188960b000 r--s 00001000 08:02 3298034                    /home/norpadon/.sbt/boot/scala-2.10.4/org.scala-sbt/sbt/0.13.5/launcher-interface-0.13.5.jar
7f188960b000-7f1889632000 r--s 00200000 08:02 3298043                    /home/norpadon/.sbt/boot/scala-2.10.4/org.scala-sbt/sbt/0.13.5/main-0.13.5.jar
7f1889632000-7f1889636000 r--s 0001b000 08:02 3298061                    /home/norpadon/.sbt/boot/scala-2.10.4/org.scala-sbt/sbt/0.13.5/process-0.13.5.jar
7f1889636000-7f1889638000 r--s 00002000 08:02 3298049                    /home/norpadon/.sbt/boot/scala-2.10.4/org.scala-sbt/sbt/0.13.5/test-interface-1.0.jar
7f1889638000-7f188963f000 r--s 00049000 08:02 3298039                    /home/norpadon/.sbt/boot/scala-2.10.4/org.scala-sbt/sbt/0.13.5/api-0.13.5.jar
7f188963f000-7f1889642000 r--s 0000e000 08:02 3298055                    /home/norpadon/.sbt/boot/scala-2.10.4/org.scala-sbt/sbt/0.13.5/compiler-integration-0.13.5.jar
7f1889642000-7f1889645000 r--s 00012000 08:02 3298070                    /home/norpadon/.sbt/boot/scala-2.10.4/org.scala-sbt/sbt/0.13.5/classfile-0.13.5.jar
7f1889645000-7f188964e000 r--s 00064000 08:02 3298028                    /home/norpadon/.sbt/boot/scala-2.10.4/org.scala-sbt/sbt/0.13.5/actions-0.13.5.jar
7f188964e000-7f1889659000 r--s 000a3000 08:02 3298048                    /home/norpadon/.sbt/boot/scala-2.10.4/org.scala-sbt/sbt/0.13.5/ivy-0.13.5.jar
7f1889659000-7f188965c000 r--s 0001d000 08:02 3298044                    /home/norpadon/.sbt/boot/scala-2.10.4/org.scala-sbt/sbt/0.13.5/tasks-0.13.5.jar
7f188965c000-7f188965f000 r--s 00017000 08:02 3298046                    /home/norpadon/.sbt/boot/scala-2.10.4/org.scala-sbt/sbt/0.13.5/testing-0.13.5.jar
7f188965f000-7f1889661000 r--s 00001000 08:02 3298056                    /home/norpadon/.sbt/boot/scala-2.10.4/org.scala-sbt/sbt/0.13.5/compiler-ivy-integration-0.13.5.jar
7f1889661000-7f1889667000 r--s 0003d000 08:02 3298069                    /home/norpadon/.sbt/boot/scala-2.10.4/org.scala-sbt/sbt/0.13.5/io-0.13.5.jar
7f1889667000-7f188966b000 r--s 00022000 08:02 3298068                    /home/norpadon/.sbt/boot/scala-2.10.4/org.scala-sbt/sbt/0.13.5/sbinary_2.10-0.4.2.jar
7f188966b000-7f188966f000 r--s 00034000 08:02 3298029                    /home/norpadon/.sbt/boot/scala-2.10.4/org.scala-sbt/sbt/0.13.5/jsch-0.1.46.jar
7f188966f000-7f1889677000 r--s 0005c000 08:02 3298065                    /home/norpadon/.sbt/boot/scala-2.10.4/org.scala-sbt/sbt/0.13.5/collections-0.13.5.jar
7f1889677000-7f1889681000 r--s 00090000 08:02 3298062                    /home/norpadon/.sbt/boot/scala-2.10.4/org.scala-sbt/sbt/0.13.5/main-settings-0.13.5.jar
7f1889681000-7f18896b7000 r--s 002d9000 08:02 3298064                    /home/norpadon/.sbt/boot/scala-2.10.4/org.scala-sbt/sbt/0.13.5/scala-reflect-2.10.4.jar
7f18896b7000-7f18897b4000 r--s 00cca000 08:02 3439117                    /home/norpadon/.sbt/boot/scala-2.10.4/lib/scala-compiler.jar
7f18897b4000-7f18897ea000 r--s 002d9000 08:02 3439116                    /home/norpadon/.sbt/boot/scala-2.10.4/lib/scala-reflect.jar
7f18897ea000-7f188985c000 r--s 0065a000 08:02 3439118                    /home/norpadon/.sbt/boot/scala-2.10.4/lib/scala-library.jar
7f188985c000-7f188986d000 r-xp 00000000 08:02 3557231                    /usr/local/java/jdk1.8.0_25/jre/lib/amd64/libnio.so
7f188986d000-7f1889a6c000 ---p 00011000 08:02 3557231                    /usr/local/java/jdk1.8.0_25/jre/lib/amd64/libnio.so
7f1889a6c000-7f1889a6d000 rw-p 00010000 08:02 3557231                    /usr/local/java/jdk1.8.0_25/jre/lib/amd64/libnio.so
7f1889a6d000-7f1889a83000 r-xp 00000000 08:02 3557210                    /usr/local/java/jdk1.8.0_25/jre/lib/amd64/libnet.so
7f1889a83000-7f1889c83000 ---p 00016000 08:02 3557210                    /usr/local/java/jdk1.8.0_25/jre/lib/amd64/libnet.so
7f1889c83000-7f1889c84000 rw-p 00016000 08:02 3557210                    /usr/local/java/jdk1.8.0_25/jre/lib/amd64/libnet.so
7f1889c84000-7f1889c9e000 r--s 00107000 08:02 3285728                    /home/norpadon/.IntelliJIdea14/config/plugins/Scala/launcher/sbt-launch.jar
7f1889c9e000-7f1889c9f000 ---p 00000000 00:00 0 
7f1889c9f000-7f1889d9f000 rw-p 00000000 00:00 0                          [stack:13448]
7f1889d9f000-7f1889da2000 ---p 00000000 00:00 0 
7f1889da2000-7f1889ea0000 rw-p 00000000 00:00 0                          [stack:13447]
7f1889ea0000-7f1889ea3000 ---p 00000000 00:00 0 
7f1889ea3000-7f1889fa1000 rw-p 00000000 00:00 0                          [stack:13446]
7f1889fa1000-7f1889fa4000 ---p 00000000 00:00 0 
7f1889fa4000-7f188a0a2000 rw-p 00000000 00:00 0                          [stack:13445]
7f188a0a2000-7f188a0a5000 ---p 00000000 00:00 0 
7f188a0a5000-7f188a1a3000 rw-p 00000000 00:00 0                          [stack:13444]
7f188a1a3000-7f188a1a6000 ---p 00000000 00:00 0 
7f188a1a6000-7f188a2a4000 rw-p 00000000 00:00 0                          [stack:13442]
7f188a2a4000-7f188aab8000 r--p 00000000 08:02 3022674                    /usr/lib/locale/locale-archive
7f188aab8000-7f188aabb000 ---p 00000000 00:00 0 
7f188aabb000-7f188abb9000 rw-p 00000000 00:00 0                          [stack:13439]
7f188abb9000-7f188abbc000 ---p 00000000 00:00 0 
7f188abbc000-7f188acba000 rw-p 00000000 00:00 0                          [stack:13438]
7f188acba000-7f188acbb000 ---p 00000000 00:00 0 
7f188acbb000-7f188bd19000 rw-p 00000000 00:00 0                          [stack:13437]
7f188bd19000-7f188beef000 r--s 03caa000 08:02 3424784                    /usr/local/java/jdk1.8.0_25/jre/lib/rt.jar
7f188beef000-7f188bef0000 ---p 00000000 00:00 0 
7f188bef0000-7f188bff0000 rw-p 00000000 00:00 0                          [stack:13436]
7f188bff0000-7f188bff1000 ---p 00000000 00:00 0 
7f188bff1000-7f188c0f1000 rw-p 00000000 00:00 0                          [stack:13435]
7f188c0f1000-7f188c0f2000 ---p 00000000 00:00 0 
7f188c0f2000-7f188c1f2000 rw-p 00000000 00:00 0                          [stack:13434]
7f188c1f2000-7f188c1f3000 ---p 00000000 00:00 0 
7f188c1f3000-7f188c30c000 rw-p 00000000 00:00 0                          [stack:13433]
7f188c30c000-7f188c3f3000 ---p 00000000 00:00 0 
7f188c3f3000-7f188c42b000 rw-p 00000000 00:00 0 
7f188c42b000-7f188c7b3000 ---p 00000000 00:00 0 
7f188c7b3000-7f188d583000 rwxp 00000000 00:00 0 
7f188d583000-7f189b7b3000 ---p 00000000 00:00 0 
7f189b7b3000-7f189b7cd000 r-xp 00000000 08:02 3557204                    /usr/local/java/jdk1.8.0_25/jre/lib/amd64/libzip.so
7f189b7cd000-7f189b9cd000 ---p 0001a000 08:02 3557204                    /usr/local/java/jdk1.8.0_25/jre/lib/amd64/libzip.so
7f189b9cd000-7f189b9ce000 rw-p 0001a000 08:02 3557204                    /usr/local/java/jdk1.8.0_25/jre/lib/amd64/libzip.so
7f189b9ce000-7f189b9d9000 r-xp 00000000 08:02 1310936                    /lib/x86_64-linux-gnu/libnss_files-2.19.so
7f189b9d9000-7f189bbd8000 ---p 0000b000 08:02 1310936                    /lib/x86_64-linux-gnu/libnss_files-2.19.so
7f189bbd8000-7f189bbd9000 r--p 0000a000 08:02 1310936                    /lib/x86_64-linux-gnu/libnss_files-2.19.so
7f189bbd9000-7f189bbda000 rw-p 0000b000 08:02 1310936                    /lib/x86_64-linux-gnu/libnss_files-2.19.so
7f189bbda000-7f189bbe5000 r-xp 00000000 08:02 1310933                    /lib/x86_64-linux-gnu/libnss_nis-2.19.so
7f189bbe5000-7f189bde4000 ---p 0000b000 08:02 1310933                    /lib/x86_64-linux-gnu/libnss_nis-2.19.so
7f189bde4000-7f189bde5000 r--p 0000a000 08:02 1310933                    /lib/x86_64-linux-gnu/libnss_nis-2.19.so
7f189bde5000-7f189bde6000 rw-p 0000b000 08:02 1310933                    /lib/x86_64-linux-gnu/libnss_nis-2.19.so
7f189bde6000-7f189bdfd000 r-xp 00000000 08:02 1310927                    /lib/x86_64-linux-gnu/libnsl-2.19.so
7f189bdfd000-7f189bffc000 ---p 00017000 08:02 1310927                    /lib/x86_64-linux-gnu/libnsl-2.19.so
7f189bffc000-7f189bffd000 r--p 00016000 08:02 1310927                    /lib/x86_64-linux-gnu/libnsl-2.19.so
7f189bffd000-7f189bffe000 rw-p 00017000 08:02 1310927                    /lib/x86_64-linux-gnu/libnsl-2.19.so
7f189bffe000-7f189c000000 rw-p 00000000 00:00 0 
7f189c000000-7f189d1c9000 rw-p 00000000 00:00 0 
7f189d1c9000-7f18a0000000 ---p 00000000 00:00 0 
7f18a0000000-7f18a0001000 r--s 00005000 08:02 3298054                    /home/norpadon/.sbt/boot/scala-2.10.4/org.scala-sbt/sbt/0.13.5/sbt-0.13.5.jar
7f18a0001000-7f18a0003000 r--s 00001000 08:02 3298066                    /home/norpadon/.sbt/boot/scala-2.10.4/org.scala-sbt/sbt/0.13.5/cross-0.13.5.jar
7f18a0003000-7f18a0005000 r--s 00006000 08:02 3298036                    /home/norpadon/.sbt/boot/scala-2.10.4/org.scala-sbt/sbt/0.13.5/relation-0.13.5.jar
7f18a0005000-7f18a000d000 r--s 00057000 08:02 3298051                    /home/norpadon/.sbt/boot/scala-2.10.4/org.scala-sbt/sbt/0.13.5/completion-0.13.5.jar
7f18a000d000-7f18a0026000 rw-p 00000000 00:00 0 
7f18a0026000-7f18a010d000 ---p 00000000 00:00 0 
7f18a010d000-7f18a014f000 rw-p 00000000 00:00 0 
7f18a014f000-7f18a018d000 ---p 00000000 00:00 0 
7f18a018d000-7f18a018e000 rw-p 00000000 00:00 0 
7f18a018e000-7f18a0197000 r-xp 00000000 08:02 1310924                    /lib/x86_64-linux-gnu/libnss_compat-2.19.so
7f18a0197000-7f18a0396000 ---p 00009000 08:02 1310924                    /lib/x86_64-linux-gnu/libnss_compat-2.19.so
7f18a0396000-7f18a0397000 r--p 00008000 08:02 1310924                    /lib/x86_64-linux-gnu/libnss_compat-2.19.so
7f18a0397000-7f18a0398000 rw-p 00009000 08:02 1310924                    /lib/x86_64-linux-gnu/libnss_compat-2.19.so
7f18a0398000-7f18a03c2000 r-xp 00000000 08:02 3557185                    /usr/local/java/jdk1.8.0_25/jre/lib/amd64/libjava.so
7f18a03c2000-7f18a05c2000 ---p 0002a000 08:02 3557185                    /usr/local/java/jdk1.8.0_25/jre/lib/amd64/libjava.so
7f18a05c2000-7f18a05c4000 rw-p 0002a000 08:02 3557185                    /usr/local/java/jdk1.8.0_25/jre/lib/amd64/libjava.so
7f18a05c4000-7f18a05d1000 r-xp 00000000 08:02 3557198                    /usr/local/java/jdk1.8.0_25/jre/lib/amd64/libverify.so
7f18a05d1000-7f18a07d1000 ---p 0000d000 08:02 3557198                    /usr/local/java/jdk1.8.0_25/jre/lib/amd64/libverify.so
7f18a07d1000-7f18a07d3000 rw-p 0000d000 08:02 3557198                    /usr/local/java/jdk1.8.0_25/jre/lib/amd64/libverify.so
7f18a07d3000-7f18a07da000 r-xp 00000000 08:02 1310919                    /lib/x86_64-linux-gnu/librt-2.19.so
7f18a07da000-7f18a09d9000 ---p 00007000 08:02 1310919                    /lib/x86_64-linux-gnu/librt-2.19.so
7f18a09d9000-7f18a09da000 r--p 00006000 08:02 1310919                    /lib/x86_64-linux-gnu/librt-2.19.so
7f18a09da000-7f18a09db000 rw-p 00007000 08:02 1310919                    /lib/x86_64-linux-gnu/librt-2.19.so
7f18a09db000-7f18a0ae0000 r-xp 00000000 08:02 1310926                    /lib/x86_64-linux-gnu/libm-2.19.so
7f18a0ae0000-7f18a0cdf000 ---p 00105000 08:02 1310926                    /lib/x86_64-linux-gnu/libm-2.19.so
7f18a0cdf000-7f18a0ce0000 r--p 00104000 08:02 1310926                    /lib/x86_64-linux-gnu/libm-2.19.so
7f18a0ce0000-7f18a0ce1000 rw-p 00105000 08:02 1310926                    /lib/x86_64-linux-gnu/libm-2.19.so
7f18a0ce1000-7f18a194e000 r-xp 00000000 08:02 3811034                    /usr/local/java/jdk1.8.0_25/jre/lib/amd64/server/libjvm.so
7f18a194e000-7f18a1b4d000 ---p 00c6d000 08:02 3811034                    /usr/local/java/jdk1.8.0_25/jre/lib/amd64/server/libjvm.so
7f18a1b4d000-7f18a1c23000 rw-p 00c6c000 08:02 3811034                    /usr/local/java/jdk1.8.0_25/jre/lib/amd64/server/libjvm.so
7f18a1c23000-7f18a1c66000 rw-p 00000000 00:00 0 
7f18a1c66000-7f18a1e21000 r-xp 00000000 08:02 1310918                    /lib/x86_64-linux-gnu/libc-2.19.so
7f18a1e21000-7f18a2021000 ---p 001bb000 08:02 1310918                    /lib/x86_64-linux-gnu/libc-2.19.so
7f18a2021000-7f18a2025000 r--p 001bb000 08:02 1310918                    /lib/x86_64-linux-gnu/libc-2.19.so
7f18a2025000-7f18a2027000 rw-p 001bf000 08:02 1310918                    /lib/x86_64-linux-gnu/libc-2.19.so
7f18a2027000-7f18a202c000 rw-p 00000000 00:00 0 
7f18a202c000-7f18a202f000 r-xp 00000000 08:02 1310922                    /lib/x86_64-linux-gnu/libdl-2.19.so
7f18a202f000-7f18a222e000 ---p 00003000 08:02 1310922                    /lib/x86_64-linux-gnu/libdl-2.19.so
7f18a222e000-7f18a222f000 r--p 00002000 08:02 1310922                    /lib/x86_64-linux-gnu/libdl-2.19.so
7f18a222f000-7f18a2230000 rw-p 00003000 08:02 1310922                    /lib/x86_64-linux-gnu/libdl-2.19.so
7f18a2230000-7f18a2245000 r-xp 00000000 08:02 3810332                    /usr/local/java/jdk1.8.0_25/lib/amd64/jli/libjli.so
7f18a2245000-7f18a2444000 ---p 00015000 08:02 3810332                    /usr/local/java/jdk1.8.0_25/lib/amd64/jli/libjli.so
7f18a2444000-7f18a2445000 rw-p 00014000 08:02 3810332                    /usr/local/java/jdk1.8.0_25/lib/amd64/jli/libjli.so
7f18a2445000-7f18a245e000 r-xp 00000000 08:02 1310935                    /lib/x86_64-linux-gnu/libpthread-2.19.so
7f18a245e000-7f18a265d000 ---p 00019000 08:02 1310935                    /lib/x86_64-linux-gnu/libpthread-2.19.so
7f18a265d000-7f18a265e000 r--p 00018000 08:02 1310935                    /lib/x86_64-linux-gnu/libpthread-2.19.so
7f18a265e000-7f18a265f000 rw-p 00019000 08:02 1310935                    /lib/x86_64-linux-gnu/libpthread-2.19.so
7f18a265f000-7f18a2663000 rw-p 00000000 00:00 0 
7f18a2663000-7f18a2686000 r-xp 00000000 08:02 1310916                    /lib/x86_64-linux-gnu/ld-2.19.so
7f18a2686000-7f18a2687000 r--s 00005000 08:02 3298030                    /home/norpadon/.sbt/boot/scala-2.10.4/org.scala-sbt/sbt/0.13.5/test-agent-0.13.5.jar
7f18a2687000-7f18a2689000 r--s 0000e000 08:02 3298067                    /home/norpadon/.sbt/boot/scala-2.10.4/org.scala-sbt/sbt/0.13.5/logic-0.13.5.jar
7f18a2689000-7f18a268c000 r--s 00018000 08:02 3298031                    /home/norpadon/.sbt/boot/scala-2.10.4/org.scala-sbt/sbt/0.13.5/logging-0.13.5.jar
7f18a268c000-7f18a2690000 r--s 00025000 08:02 3439114                    /home/norpadon/.sbt/boot/scala-2.10.4/lib/jline.jar
7f18a2690000-7f18a2693000 r--s 00018000 08:02 3439115                    /home/norpadon/.sbt/boot/scala-2.10.4/lib/jansi.jar
7f18a2693000-7f18a2764000 rw-p 00000000 00:00 0 
7f18a2764000-7f18a2767000 ---p 00000000 00:00 0 
7f18a2767000-7f18a2869000 rw-p 00000000 00:00 0                          [stack:13432]
7f18a2869000-7f18a286a000 r--s 0000a000 08:02 3298057                    /home/norpadon/.sbt/boot/scala-2.10.4/org.scala-sbt/sbt/0.13.5/tracking-0.13.5.jar
7f18a286a000-7f18a2879000 rw-p 00000000 00:00 0 
7f18a2879000-7f18a2881000 rw-s 00000000 08:02 932533                     /tmp/hsperfdata_norpadon/13430
7f18a2881000-7f18a2882000 rw-p 00000000 00:00 0 
7f18a2882000-7f18a2883000 ---p 00000000 00:00 0 
7f18a2883000-7f18a2885000 rw-p 00000000 00:00 0 
7f18a2885000-7f18a2886000 r--p 00022000 08:02 1310916                    /lib/x86_64-linux-gnu/ld-2.19.so
7f18a2886000-7f18a2887000 rw-p 00023000 08:02 1310916                    /lib/x86_64-linux-gnu/ld-2.19.so
7f18a2887000-7f18a2888000 rw-p 00000000 00:00 0 
7fffabc1b000-7fffabc3c000 rw-p 00000000 00:00 0                          [stack]
7fffabc96000-7fffabc98000 r-xp 00000000 00:00 0                          [vdso]
ffffffffff600000-ffffffffff601000 r-xp 00000000 00:00 0                  [vsyscall]

VM Arguments:
jvm_args: -Djline.terminal=jline.UnsupportedTerminal -Dsbt.log.noformat=true -Xmx768M -XX:MaxPermSize=384M 
java_command: /home/norpadon/.IntelliJIdea14/config/plugins/Scala/launcher/sbt-launch.jar < /tmp/sbt-commands0.lst
java_class_path (initial): /home/norpadon/.IntelliJIdea14/config/plugins/Scala/launcher/sbt-launch.jar
Launcher Type: SUN_STANDARD

Environment Variables:
JAVA_HOME=/usr/local/java/jdk1.8.0_25/
JRE_HOME=$JAVA_HOME/jre
CLASSPATH=/opt/idea-IU-139.659.2/bin/../lib/bootstrap.jar:/opt/idea-IU-139.659.2/bin/../lib/extensions.jar:/opt/idea-IU-139.659.2/bin/../lib/util.jar:/opt/idea-IU-139.659.2/bin/../lib/jdom.jar:/opt/idea-IU-139.659.2/bin/../lib/log4j.jar:/opt/idea-IU-139.659.2/bin/../lib/trove4j.jar:/opt/idea-IU-139.659.2/bin/../lib/jna.jar:/usr/local/java/jdk1.8.0_25//lib/tools.jar
PATH=/usr/local/sbin:/usr/local/bin:/usr/sbin:/usr/bin:/sbin:/bin:/usr/games:/usr/local/games:/opt/pycharm-4.0.3/bin:/opt/clion-140.1221.2/bin:/opt/idea-IU-139.659.2/bin:/usr/local/java/jdk1.8.0_25/bin:/usr/local/java/jdk1.8.0_25/jre/bin:/opt/scala-2.11.4/bin:/opt/activator-1.2.12-minimal/
LD_LIBRARY_PATH=/opt/idea-IU-139.659.2/bin:
SHELL=/bin/bash
DISPLAY=:0

Signal Handlers:
SIGSEGV: [libjvm.so+0xa79a80], sa_mask[0]=11111111011111111101111111111110, sa_flags=SA_RESTART|SA_SIGINFO
SIGBUS: [libjvm.so+0xa79a80], sa_mask[0]=11111111011111111101111111111110, sa_flags=SA_RESTART|SA_SIGINFO
SIGFPE: [libjvm.so+0x8e24e0], sa_mask[0]=11111111011111111101111111111110, sa_flags=SA_RESTART|SA_SIGINFO
SIGPIPE: [libjvm.so+0x8e24e0], sa_mask[0]=11111111011111111101111111111110, sa_flags=SA_RESTART|SA_SIGINFO
SIGXFSZ: [libjvm.so+0x8e24e0], sa_mask[0]=11111111011111111101111111111110, sa_flags=SA_RESTART|SA_SIGINFO
SIGILL: [libjvm.so+0x8e24e0], sa_mask[0]=11111111011111111101111111111110, sa_flags=SA_RESTART|SA_SIGINFO
SIGUSR1: SIG_DFL, sa_mask[0]=00000000000000000000000000000000, sa_flags=none
SIGUSR2: [libjvm.so+0x8e3d10], sa_mask[0]=00100000000000000000000000000000, sa_flags=SA_RESTART|SA_SIGINFO
SIGHUP: [libjvm.so+0x8e50d0], sa_mask[0]=11111111011111111101111111111110, sa_flags=SA_RESTART|SA_SIGINFO
SIGINT: [libjvm.so+0x8e50d0], sa_mask[0]=11111111011111111101111111111110, sa_flags=SA_RESTART|SA_SIGINFO
SIGTERM: [libjvm.so+0x8e50d0], sa_mask[0]=11111111011111111101111111111110, sa_flags=SA_RESTART|SA_SIGINFO
SIGQUIT: [libjvm.so+0x8e50d0], sa_mask[0]=11111111011111111101111111111110, sa_flags=SA_RESTART|SA_SIGINFO


---------------  S Y S T E M  ---------------

OS:DISTRIB_ID=Ubuntu
DISTRIB_RELEASE=14.04
DISTRIB_CODENAME=trusty
DISTRIB_DESCRIPTION="Ubuntu 14.04.1 LTS"

uname:Linux 3.13.0-45-generic #74-Ubuntu SMP Tue Jan 13 19:36:28 UTC 2015 x86_64
libc:glibc 2.19 NPTL 2.19 
rlimit: STACK 8192k, CORE 0k, NPROC 29526, NOFILE 4096, AS infinity
load average:4,76 3,18 1,87

/proc/meminfo:
MemTotal:        3860668 kB
MemFree:          113988 kB
Buffers:             284 kB
Cached:           529392 kB
SwapCached:            0 kB
Active:          3158444 kB
Inactive:         406720 kB
Active(anon):    3156116 kB
Inactive(anon):   401140 kB
Active(file):       2328 kB
Inactive(file):     5580 kB
Unevictable:         264 kB
Mlocked:             264 kB
SwapTotal:             0 kB
SwapFree:              0 kB
Dirty:                52 kB
Writeback:             4 kB
AnonPages:       3036484 kB
Mapped:           193012 kB
Shmem:            521036 kB
Slab:              70620 kB
SReclaimable:      29328 kB
SUnreclaim:        41292 kB
KernelStack:        6112 kB
PageTables:        50324 kB
NFS_Unstable:          0 kB
Bounce:                0 kB
WritebackTmp:          0 kB
CommitLimit:     1930332 kB
Committed_AS:    8825132 kB
VmallocTotal:   34359738367 kB
VmallocUsed:      548656 kB
VmallocChunk:   34359174748 kB
HardwareCorrupted:     0 kB
AnonHugePages:    739328 kB
HugePages_Total:       0
HugePages_Free:        0
HugePages_Rsvd:        0
HugePages_Surp:        0
Hugepagesize:       2048 kB
DirectMap4k:       52992 kB
DirectMap2M:     3952640 kB


CPU:total 4 (2 cores per cpu, 2 threads per core) family 6 model 58 stepping 9, cmov, cx8, fxsr, mmx, sse, sse2, sse3, ssse3, sse4.1, sse4.2, popcnt, avx, aes, clmul, erms, ht, tsc, tscinvbit, tscinv

/proc/cpuinfo:
processor	: 0
vendor_id	: GenuineIntel
cpu family	: 6
model		: 58
model name	: Intel(R) Core(TM) i5-3337U CPU @ 1.80GHz
stepping	: 9
microcode	: 0x17
cpu MHz		: 1801.000
cache size	: 3072 KB
physical id	: 0
siblings	: 4
core id		: 0
cpu cores	: 2
apicid		: 0
initial apicid	: 0
fpu		: yes
fpu_exception	: yes
cpuid level	: 13
wp		: yes
flags		: fpu vme de pse tsc msr pae mce cx8 apic sep mtrr pge mca cmov pat pse36 clflush dts acpi mmx fxsr sse sse2 ss ht tm pbe syscall nx rdtscp lm constant_tsc arch_perfmon pebs bts rep_good nopl xtopology nonstop_tsc aperfmperf eagerfpu pni pclmulqdq dtes64 monitor ds_cpl vmx est tm2 ssse3 cx16 xtpr pdcm pcid sse4_1 sse4_2 x2apic popcnt tsc_deadline_timer aes xsave avx f16c rdrand lahf_lm ida arat epb xsaveopt pln pts dtherm tpr_shadow vnmi flexpriority ept vpid fsgsbase smep erms
bogomips	: 3591.80
clflush size	: 64
cache_alignment	: 64
address sizes	: 36 bits physical, 48 bits virtual
power management:

processor	: 1
vendor_id	: GenuineIntel
cpu family	: 6
model		: 58
model name	: Intel(R) Core(TM) i5-3337U CPU @ 1.80GHz
stepping	: 9
microcode	: 0x17
cpu MHz		: 1801.000
cache size	: 3072 KB
physical id	: 0
siblings	: 4
core id		: 0
cpu cores	: 2
apicid		: 1
initial apicid	: 1
fpu		: yes
fpu_exception	: yes
cpuid level	: 13
wp		: yes
flags		: fpu vme de pse tsc msr pae mce cx8 apic sep mtrr pge mca cmov pat pse36 clflush dts acpi mmx fxsr sse sse2 ss ht tm pbe syscall nx rdtscp lm constant_tsc arch_perfmon pebs bts rep_good nopl xtopology nonstop_tsc aperfmperf eagerfpu pni pclmulqdq dtes64 monitor ds_cpl vmx est tm2 ssse3 cx16 xtpr pdcm pcid sse4_1 sse4_2 x2apic popcnt tsc_deadline_timer aes xsave avx f16c rdrand lahf_lm ida arat epb xsaveopt pln pts dtherm tpr_shadow vnmi flexpriority ept vpid fsgsbase smep erms
bogomips	: 3591.80
clflush size	: 64
cache_alignment	: 64
address sizes	: 36 bits physical, 48 bits virtual
power management:

processor	: 2
vendor_id	: GenuineIntel
cpu family	: 6
model		: 58
model name	: Intel(R) Core(TM) i5-3337U CPU @ 1.80GHz
stepping	: 9
microcode	: 0x17
cpu MHz		: 1801.000
cache size	: 3072 KB
physical id	: 0
siblings	: 4
core id		: 1
cpu cores	: 2
apicid		: 2
initial apicid	: 2
fpu		: yes
fpu_exception	: yes
cpuid level	: 13
wp		: yes
flags		: fpu vme de pse tsc msr pae mce cx8 apic sep mtrr pge mca cmov pat pse36 clflush dts acpi mmx fxsr sse sse2 ss ht tm pbe syscall nx rdtscp lm constant_tsc arch_perfmon pebs bts rep_good nopl xtopology nonstop_tsc aperfmperf eagerfpu pni pclmulqdq dtes64 monitor ds_cpl vmx est tm2 ssse3 cx16 xtpr pdcm pcid sse4_1 sse4_2 x2apic popcnt tsc_deadline_timer aes xsave avx f16c rdrand lahf_lm ida arat epb xsaveopt pln pts dtherm tpr_shadow vnmi flexpriority ept vpid fsgsbase smep erms
bogomips	: 3591.80
clflush size	: 64
cache_alignment	: 64
address sizes	: 36 bits physical, 48 bits virtual
power management:

processor	: 3
vendor_id	: GenuineIntel
cpu family	: 6
model		: 58
model name	: Intel(R) Core(TM) i5-3337U CPU @ 1.80GHz
stepping	: 9
microcode	: 0x17
cpu MHz		: 1801.000
cache size	: 3072 KB
physical id	: 0
siblings	: 4
core id		: 1
cpu cores	: 2
apicid		: 3
initial apicid	: 3
fpu		: yes
fpu_exception	: yes
cpuid level	: 13
wp		: yes
flags		: fpu vme de pse tsc msr pae mce cx8 apic sep mtrr pge mca cmov pat pse36 clflush dts acpi mmx fxsr sse sse2 ss ht tm pbe syscall nx rdtscp lm constant_tsc arch_perfmon pebs bts rep_good nopl xtopology nonstop_tsc aperfmperf eagerfpu pni pclmulqdq dtes64 monitor ds_cpl vmx est tm2 ssse3 cx16 xtpr pdcm pcid sse4_1 sse4_2 x2apic popcnt tsc_deadline_timer aes xsave avx f16c rdrand lahf_lm ida arat epb xsaveopt pln pts dtherm tpr_shadow vnmi flexpriority ept vpid fsgsbase smep erms
bogomips	: 3591.80
clflush size	: 64
cache_alignment	: 64
address sizes	: 36 bits physical, 48 bits virtual
power management:



Memory: 4k page, physical 3860668k(113988k free), swap 0k(0k free)

vm_info: Java HotSpot(TM) 64-Bit Server VM (25.25-b02) for linux-amd64 JRE (1.8.0_25-b17), built on Sep 17 2014 17:32:11 by "java_re" with gcc 4.3.0 20080428 (Red Hat 4.3.0-8)

time: Sat Jan 24 15:31:28 2015
elapsed time: 19 seconds (0d 0h 0m 19s)

