#
# There is insufficient memory for the Java Runtime Environment to continue.
# Native memory allocation (mmap) failed to map 40894464 bytes for committing reserved memory.
# Possible reasons:
#   The system is out of physical RAM or swap space
#   In 32 bit mode, the process size limit was hit
# Possible solutions:
#   Reduce memory load on the system
#   Increase physical memory or swap space
#   Check if swap backing store is full
#   Use 64 bit Java on a 64 bit OS
#   Decrease Java heap size (-Xmx/-Xms)
#   Decrease number of Java threads
#   Decrease Java thread stack sizes (-Xss)
#   Set larger code cache with -XX:ReservedCodeCacheSize=
# This output file may be truncated or incomplete.
#
#  Out of Memory Error (os_linux.cpp:2671), pid=28158, tid=140394943690496
#
# JRE version: Java(TM) SE Runtime Environment (8.0_25-b17) (build 1.8.0_25-b17)
# Java VM: Java HotSpot(TM) 64-Bit Server VM (25.25-b02 mixed mode linux-amd64 compressed oops)
# Failed to write core dump. Core dumps have been disabled. To enable core dumping, try "ulimit -c unlimited" before starting Java again
#

---------------  T H R E A D  ---------------

Current thread (0x00007fb05013a800):  VMThread [stack: 0x00007fb03eaf3000,0x00007fb03ebf4000] [id=28168]

Stack: [0x00007fb03eaf3000,0x00007fb03ebf4000],  sp=0x00007fb03ebf21d0,  free space=1020k
Native frames: (J=compiled Java code, j=interpreted, Vv=VM code, C=native code)
V  [libjvm.so+0xa7923a]  VMError::report_and_die()+0x2ca
V  [libjvm.so+0x4e552b]  report_vm_out_of_memory(char const*, int, unsigned long, VMErrorType, char const*)+0x8b
V  [libjvm.so+0x8e5613]  os::Linux::commit_memory_impl(char*, unsigned long, bool)+0x103
V  [libjvm.so+0x8e5b69]  os::pd_commit_memory(char*, unsigned long, unsigned long, bool)+0x29
V  [libjvm.so+0x8df83a]  os::commit_memory(char*, unsigned long, unsigned long, bool)+0x2a
V  [libjvm.so+0x94f923]  PSVirtualSpace::expand_by(unsigned long)+0x53
V  [libjvm.so+0x950d28]  PSYoungGen::resize_generation(unsigned long, unsigned long)+0xf8
V  [libjvm.so+0x94fe82]  PSYoungGen::resize(unsigned long, unsigned long)+0x22
V  [libjvm.so+0x94d163]  PSScavenge::invoke_no_policy()+0xf53
V  [libjvm.so+0x948755]  PSParallelCompact::invoke(bool)+0x85
V  [libjvm.so+0x471e64]  CollectedHeap::collect_as_vm_thread(GCCause::Cause)+0x114
V  [libjvm.so+0xa7a1d1]  VM_CollectForMetadataAllocation::doit()+0x131
V  [libjvm.so+0xa81fd5]  VM_Operation::evaluate()+0x55
V  [libjvm.so+0xa803aa]  VMThread::evaluate_operation(VM_Operation*)+0xba
V  [libjvm.so+0xa8072e]  VMThread::loop()+0x1ce
V  [libjvm.so+0xa80ba0]  VMThread::run()+0x70
V  [libjvm.so+0x8e7d48]  java_start(Thread*)+0x108

VM_Operation (0x00007fb057edbbd0): CollectForMetadataAllocation, mode: safepoint, requested by thread 0x00007fb05000a000


---------------  P R O C E S S  ---------------

Java Threads: ( => current thread )
  0x00007fb050700000 JavaThread "process reaper" daemon [_thread_blocked, id=28182, stack(0x00007fb03d18d000,0x00007fb03d1c6000)]
  0x00007fb05017a800 JavaThread "Service Thread" daemon [_thread_blocked, id=28175, stack(0x00007fb03dbd8000,0x00007fb03dcd9000)]
  0x00007fb050177800 JavaThread "C1 CompilerThread2" daemon [_thread_blocked, id=28174, stack(0x00007fb03dcd9000,0x00007fb03ddda000)]
  0x00007fb050176000 JavaThread "C2 CompilerThread1" daemon [_thread_in_native, id=28173, stack(0x00007fb03ddda000,0x00007fb03dedb000)]
  0x00007fb050173000 JavaThread "C2 CompilerThread0" daemon [_thread_blocked, id=28172, stack(0x00007fb03dedb000,0x00007fb03dfdc000)]
  0x00007fb050171000 JavaThread "Signal Dispatcher" daemon [_thread_blocked, id=28171, stack(0x00007fb03dfdc000,0x00007fb03e0dd000)]
  0x00007fb050143800 JavaThread "Finalizer" daemon [_thread_blocked, id=28170, stack(0x00007fb03e8f1000,0x00007fb03e9f2000)]
  0x00007fb050141800 JavaThread "Reference Handler" daemon [_thread_blocked, id=28169, stack(0x00007fb03e9f2000,0x00007fb03eaf3000)]
  0x00007fb05000a000 JavaThread "main" [_thread_blocked, id=28163, stack(0x00007fb057de3000,0x00007fb057ee4000)]

Other Threads:
=>0x00007fb05013a800 VMThread [stack: 0x00007fb03eaf3000,0x00007fb03ebf4000] [id=28168]
  0x00007fb050181800 WatcherThread [stack: 0x00007fb03dad7000,0x00007fb03dbd8000] [id=28176]

VM state:at safepoint (normal execution)

VM Mutex/Monitor currently owned by a thread:  ([mutex/lock_event])
[0x00007fb050006490] Threads_lock - owner thread: 0x00007fb05013a800
[0x00007fb050006990] Heap_lock - owner thread: 0x00007fb05000a000
[0x00007fb050006f10] MethodData_lock - owner thread: 0x00007fb050177800

Heap:
 PSYoungGen      total 33280K, used 2557K [0x00000000f5580000, 0x00000000f7880000, 0x0000000100000000)
  eden space 30720K, 0% used [0x00000000f5580000,0x00000000f5580000,0x00000000f7380000)
  from space 2560K, 99% used [0x00000000f7380000,0x00000000f75ff478,0x00000000f7600000)
  to   space 2560K, 0% used [0x00000000f7600000,0x00000000f7600000,0x00000000f7880000)
 ParOldGen       total 40960K, used 10404K [0x00000000e0000000, 0x00000000e2800000, 0x00000000f5580000)
  object space 40960K, 25% used [0x00000000e0000000,0x00000000e0a29380,0x00000000e2800000)
 Metaspace       used 20993K, capacity 21190K, committed 21296K, reserved 1067008K
  class space    used 3653K, capacity 3710K, committed 3712K, reserved 1048576K

Card table byte_map: [0x00007fb054aff000,0x00007fb054c00000] byte_map_base: 0x00007fb0543ff000

Marking Bits: (ParMarkBitMap*) 0x00007fb0572ba2c0
 Begin Bits: [0x00007fb040000000, 0x00007fb040800000)
 End Bits:   [0x00007fb040800000, 0x00007fb041000000)

Polling page: 0x00007fb057f01000

CodeCache: size=245760Kb used=3985Kb max_used=3985Kb free=241774Kb
 bounds [0x00007fb041000000, 0x00007fb0413f0000, 0x00007fb050000000]
 total_blobs=1645 nmethods=1298 adapters=261
 compilation: enabled

Compilation events (10 events):
Event: 4,863 Thread 0x00007fb050177800 nmethod 1293 0x00007fb0413e37d0 code [0x00007fb0413e3920, 0x00007fb0413e3a50]
Event: 4,863 Thread 0x00007fb050177800 1294       3       scala.reflect.internal.Symbols$Symbol::newTermSymbol (92 bytes)
Event: 4,864 Thread 0x00007fb050177800 nmethod 1294 0x00007fb0413e3ad0 code [0x00007fb0413e3ce0, 0x00007fb0413e49c8]
Event: 4,864 Thread 0x00007fb050177800 1297       1       scala.collection.mutable.ArrayBuilder$ofRef::capacity (5 bytes)
Event: 4,864 Thread 0x00007fb050177800 nmethod 1297 0x00007fb0413e4d10 code [0x00007fb0413e4e60, 0x00007fb0413e4f70]
Event: 4,864 Thread 0x00007fb050177800 1298       1       scala.reflect.internal.Symbols$TypeSymbol::tpePeriod (5 bytes)
Event: 4,864 Thread 0x00007fb050177800 nmethod 1298 0x00007fb0413e4fd0 code [0x00007fb0413e5120, 0x00007fb0413e5230]
Event: 4,864 Thread 0x00007fb050177800 1299       3       java.util.WeakHashMap::get (77 bytes)
Event: 4,865 Thread 0x00007fb050177800 nmethod 1299 0x00007fb0413e5290 code [0x00007fb0413e5480, 0x00007fb0413e5d08]
Event: 4,870 Thread 0x00007fb050177800 1300       3       scala.collection.convert.Wrappers$JMapWrapper::get (6 bytes)

GC Heap History (9 events):
Event: 1,063 GC heap before
{Heap before GC invocations=1 (full 0):
 PSYoungGen      total 17920K, used 15360K [0x00000000f5580000, 0x00000000f6980000, 0x0000000100000000)
  eden space 15360K, 100% used [0x00000000f5580000,0x00000000f6480000,0x00000000f6480000)
  from space 2560K, 0% used [0x00000000f6700000,0x00000000f6700000,0x00000000f6980000)
  to   space 2560K, 0% used [0x00000000f6480000,0x00000000f6480000,0x00000000f6700000)
 ParOldGen       total 40960K, used 0K [0x00000000e0000000, 0x00000000e2800000, 0x00000000f5580000)
  object space 40960K, 0% used [0x00000000e0000000,0x00000000e0000000,0x00000000e2800000)
 Metaspace       used 5248K, capacity 6320K, committed 6400K, reserved 1056768K
  class space    used 644K, capacity 720K, committed 768K, reserved 1048576K
Event: 1,068 GC heap after
Heap after GC invocations=1 (full 0):
 PSYoungGen      total 17920K, used 2537K [0x00000000f5580000, 0x00000000f6980000, 0x0000000100000000)
  eden space 15360K, 0% used [0x00000000f5580000,0x00000000f5580000,0x00000000f6480000)
  from space 2560K, 99% used [0x00000000f6480000,0x00000000f66fa6e0,0x00000000f6700000)
  to   space 2560K, 0% used [0x00000000f6700000,0x00000000f6700000,0x00000000f6980000)
 ParOldGen       total 40960K, used 355K [0x00000000e0000000, 0x00000000e2800000, 0x00000000f5580000)
  object space 40960K, 0% used [0x00000000e0000000,0x00000000e0058de0,0x00000000e2800000)
 Metaspace       used 5248K, capacity 6320K, committed 6400K, reserved 1056768K
  class space    used 644K, capacity 720K, committed 768K, reserved 1048576K
}
Event: 1,859 GC heap before
{Heap before GC invocations=2 (full 0):
 PSYoungGen      total 17920K, used 17897K [0x00000000f5580000, 0x00000000f6980000, 0x0000000100000000)
  eden space 15360K, 100% used [0x00000000f5580000,0x00000000f6480000,0x00000000f6480000)
  from space 2560K, 99% used [0x00000000f6480000,0x00000000f66fa6e0,0x00000000f6700000)
  to   space 2560K, 0% used [0x00000000f6700000,0x00000000f6700000,0x00000000f6980000)
 ParOldGen       total 40960K, used 355K [0x00000000e0000000, 0x00000000e2800000, 0x00000000f5580000)
  object space 40960K, 0% used [0x00000000e0000000,0x00000000e0058de0,0x00000000e2800000)
 Metaspace       used 9775K, capacity 10756K, committed 10880K, reserved 1058816K
  class space    used 1555K, capacity 1620K, committed 1664K, reserved 1048576K
Event: 1,864 GC heap after
Heap after GC invocations=2 (full 0):
 PSYoungGen      total 17920K, used 2532K [0x00000000f5580000, 0x00000000f6980000, 0x0000000100000000)
  eden space 15360K, 0% used [0x00000000f5580000,0x00000000f5580000,0x00000000f6480000)
  from space 2560K, 98% used [0x00000000f6700000,0x00000000f6979158,0x00000000f6980000)
  to   space 2560K, 0% used [0x00000000f6480000,0x00000000f6480000,0x00000000f6700000)
 ParOldGen       total 40960K, used 2642K [0x00000000e0000000, 0x00000000e2800000, 0x00000000f5580000)
  object space 40960K, 6% used [0x00000000e0000000,0x00000000e0294a30,0x00000000e2800000)
 Metaspace       used 9775K, capacity 10756K, committed 10880K, reserved 1058816K
  class space    used 1555K, capacity 1620K, committed 1664K, reserved 1048576K
}
Event: 2,841 GC heap before
{Heap before GC invocations=3 (full 0):
 PSYoungGen      total 17920K, used 17892K [0x00000000f5580000, 0x00000000f6980000, 0x0000000100000000)
  eden space 15360K, 100% used [0x00000000f5580000,0x00000000f6480000,0x00000000f6480000)
  from space 2560K, 98% used [0x00000000f6700000,0x00000000f6979158,0x00000000f6980000)
  to   space 2560K, 0% used [0x00000000f6480000,0x00000000f6480000,0x00000000f6700000)
 ParOldGen       total 40960K, used 2642K [0x00000000e0000000, 0x00000000e2800000, 0x00000000f5580000)
  object space 40960K, 6% used [0x00000000e0000000,0x00000000e0294a30,0x00000000e2800000)
 Metaspace       used 13292K, capacity 13446K, committed 13568K, reserved 1060864K
  class space    used 2233K, capacity 2302K, committed 2304K, reserved 1048576K
Event: 2,866 GC heap after
Heap after GC invocations=3 (full 0):
 PSYoungGen      total 17920K, used 2533K [0x00000000f5580000, 0x00000000f7880000, 0x0000000100000000)
  eden space 15360K, 0% used [0x00000000f5580000,0x00000000f5580000,0x00000000f6480000)
  from space 2560K, 98% used [0x00000000f6480000,0x00000000f66f9688,0x00000000f6700000)
  to   space 2560K, 0% used [0x00000000f7600000,0x00000000f7600000,0x00000000f7880000)
 ParOldGen       total 40960K, used 3886K [0x00000000e0000000, 0x00000000e2800000, 0x00000000f5580000)
  object space 40960K, 9% used [0x00000000e0000000,0x00000000e03cba08,0x00000000e2800000)
 Metaspace       used 13292K, capacity 13446K, committed 13568K, reserved 1060864K
  class space    used 2233K, capacity 2302K, committed 2304K, reserved 1048576K
}
Event: 3,550 GC heap before
{Heap before GC invocations=4 (full 0):
 PSYoungGen      total 17920K, used 17893K [0x00000000f5580000, 0x00000000f7880000, 0x0000000100000000)
  eden space 15360K, 100% used [0x00000000f5580000,0x00000000f6480000,0x00000000f6480000)
  from space 2560K, 98% used [0x00000000f6480000,0x00000000f66f9688,0x00000000f6700000)
  to   space 2560K, 0% used [0x00000000f7600000,0x00000000f7600000,0x00000000f7880000)
 ParOldGen       total 40960K, used 3886K [0x00000000e0000000, 0x00000000e2800000, 0x00000000f5580000)
  object space 40960K, 9% used [0x00000000e0000000,0x00000000e03cba08,0x00000000e2800000)
 Metaspace       used 15332K, capacity 15590K, committed 15744K, reserved 1062912K
  class space    used 2592K, capacity 2654K, committed 2688K, reserved 1048576K
Event: 3,562 GC heap after
Heap after GC invocations=4 (full 0):
 PSYoungGen      total 33280K, used 2529K [0x00000000f5580000, 0x00000000f7880000, 0x0000000100000000)
  eden space 30720K, 0% used [0x00000000f5580000,0x00000000f5580000,0x00000000f7380000)
  from space 2560K, 98% used [0x00000000f7600000,0x00000000f78786b0,0x00000000f7880000)
  to   space 2560K, 0% used [0x00000000f7380000,0x00000000f7380000,0x00000000f7600000)
 ParOldGen       total 40960K, used 5604K [0x00000000e0000000, 0x00000000e2800000, 0x00000000f5580000)
  object space 40960K, 13% used [0x00000000e0000000,0x00000000e05792d8,0x00000000e2800000)
 Metaspace       used 15332K, capacity 15590K, committed 15744K, reserved 1062912K
  class space    used 2592K, capacity 2654K, committed 2688K, reserved 1048576K
}
Event: 4,871 GC heap before
{Heap before GC invocations=5 (full 0):
 PSYoungGen      total 33280K, used 23609K [0x00000000f5580000, 0x00000000f7880000, 0x0000000100000000)
  eden space 30720K, 68% used [0x00000000f5580000,0x00000000f6a15e48,0x00000000f7380000)
  from space 2560K, 98% used [0x00000000f7600000,0x00000000f78786b0,0x00000000f7880000)
  to   space 2560K, 0% used [0x00000000f7380000,0x00000000f7380000,0x00000000f7600000)
 ParOldGen       total 40960K, used 5604K [0x00000000e0000000, 0x00000000e2800000, 0x00000000f5580000)
  object space 40960K, 13% used [0x00000000e0000000,0x00000000e05792d8,0x00000000e2800000)
 Metaspace       used 20993K, capacity 21190K, committed 21296K, reserved 1067008K
  class space    used 3653K, capacity 3710K, committed 3712K, reserved 1048576K

Deoptimization events (3 events):
Event: 2,116 Thread 0x00007fb05000a000 Uncommon trap: reason=unreached action=reinterpret pc=0x00007fb0412306a4 method=java.util.HashMap.getNode(ILjava/lang/Object;)Ljava/util/HashMap$Node; @ 116
Event: 2,117 Thread 0x00007fb05000a000 Uncommon trap: reason=unreached action=reinterpret pc=0x00007fb04124f02c method=java.util.HashMap.getNode(ILjava/lang/Object;)Ljava/util/HashMap$Node; @ 116
Event: 4,372 Thread 0x00007fb05000a000 Uncommon trap: reason=unreached action=reinterpret pc=0x00007fb041349090 method=java.util.WeakHashMap.maskNull(Ljava/lang/Object;)Ljava/lang/Object; @ 1

Internal exceptions (10 events):
Event: 4,816 Thread 0x00007fb05000a000 Exception <a 'java/lang/ClassNotFoundException': scala/reflect/ScalaSignature> (0x00000000f6983518) thrown at [/HUDSON/workspace/8-2-build-linux-amd64/jdk8u25/1514/hotspot/src/share/vm/classfile/systemDictionary.cpp, line 202]
Event: 4,830 Thread 0x00007fb05000a000 Exception <a 'java/lang/ClassNotFoundException': scala/reflect/ScalaLongSignature> (0x00000000f6983c30) thrown at [/HUDSON/workspace/8-2-build-linux-amd64/jdk8u25/1514/hotspot/src/share/vm/classfile/systemDictionary.cpp, line 202]
Event: 4,840 Thread 0x00007fb05000a000 Exception <a 'java/lang/ClassNotFoundException': scala/reflect/ScalaSignature> (0x00000000f6986d90) thrown at [/HUDSON/workspace/8-2-build-linux-amd64/jdk8u25/1514/hotspot/src/share/vm/classfile/systemDictionary.cpp, line 202]
Event: 4,840 Thread 0x00007fb05000a000 Exception <a 'java/lang/ClassNotFoundException': scala/reflect/ScalaLongSignature> (0x00000000f69874a8) thrown at [/HUDSON/workspace/8-2-build-linux-amd64/jdk8u25/1514/hotspot/src/share/vm/classfile/systemDictionary.cpp, line 202]
Event: 4,858 Thread 0x00007fb05000a000 Exception <a 'java/lang/ClassNotFoundException': scala/reflect/ScalaSignature> (0x00000000f69b87e8) thrown at [/HUDSON/workspace/8-2-build-linux-amd64/jdk8u25/1514/hotspot/src/share/vm/classfile/systemDictionary.cpp, line 202]
Event: 4,858 Thread 0x00007fb05000a000 Exception <a 'java/lang/ClassNotFoundException': scala/reflect/ScalaLongSignature> (0x00000000f69b8f00) thrown at [/HUDSON/workspace/8-2-build-linux-amd64/jdk8u25/1514/hotspot/src/share/vm/classfile/systemDictionary.cpp, line 202]
Event: 4,858 Thread 0x00007fb05000a000 Exception <a 'java/lang/ArrayIndexOutOfBoundsException'> (0x00000000f69ba2e8) thrown at [/HUDSON/workspace/8-2-build-linux-amd64/jdk8u25/1514/hotspot/src/share/vm/runtime/sharedRuntime.cpp, line 604]
Event: 4,860 Thread 0x00007fb05000a000 Exception <a 'java/lang/ArrayIndexOutOfBoundsException'> (0x00000000f69bc068) thrown at [/HUDSON/workspace/8-2-build-linux-amd64/jdk8u25/1514/hotspot/src/share/vm/runtime/sharedRuntime.cpp, line 604]
Event: 4,862 Thread 0x00007fb05000a000 Exception <a 'java/lang/ClassNotFoundException': java/util> (0x00000000f69bce68) thrown at [/HUDSON/workspace/8-2-build-linux-amd64/jdk8u25/1514/hotspot/src/share/vm/classfile/systemDictionary.cpp, line 202]
Event: 4,864 Thread 0x00007fb05000a000 Exception <a 'java/lang/ClassNotFoundException': java/util/package> (0x00000000f69be070) thrown at [/HUDSON/workspace/8-2-build-linux-amd64/jdk8u25/1514/hotspot/src/share/vm/classfile/systemDictionary.cpp, line 202]

Events (10 events):
Event: 4,858 loading class scala/reflect/ScalaLongSignature done
Event: 4,858 loading class sun/reflect/generics/repository/FieldRepository
Event: 4,860 loading class sun/reflect/generics/repository/FieldRepository done
Event: 4,861 loading class java/util
Event: 4,861 loading class java/util done
Event: 4,863 loading class java/util/package
Event: 4,863 loading class java/util/package done
Event: 4,864 loading class java/io/UnsupportedEncodingException
Event: 4,865 loading class java/io/UnsupportedEncodingException done
Event: 4,870 Executing VM operation: CollectForMetadataAllocation


Dynamic libraries:
00400000-00401000 r-xp 00000000 08:02 3286214                            /usr/local/java/jdk1.8.0_25/bin/java
00600000-00601000 rw-p 00000000 08:02 3286214                            /usr/local/java/jdk1.8.0_25/bin/java
00f23000-00f44000 rw-p 00000000 00:00 0                                  [heap]
e0000000-e2800000 rw-p 00000000 00:00 0 
e2800000-f5580000 ---p 00000000 00:00 0 
f5580000-f7880000 rw-p 00000000 00:00 0 
f9f80000-100000000 ---p 00000000 00:00 0 
100000000-1003a0000 rw-p 00000000 00:00 0 
1003a0000-140000000 ---p 00000000 00:00 0 
7fb000000000-7fb000021000 rw-p 00000000 00:00 0 
7fb000021000-7fb004000000 ---p 00000000 00:00 0 
7fb008000000-7fb008021000 rw-p 00000000 00:00 0 
7fb008021000-7fb00c000000 ---p 00000000 00:00 0 
7fb00c000000-7fb00c021000 rw-p 00000000 00:00 0 
7fb00c021000-7fb010000000 ---p 00000000 00:00 0 
7fb010000000-7fb011154000 rw-p 00000000 00:00 0 
7fb011154000-7fb014000000 ---p 00000000 00:00 0 
7fb014000000-7fb014780000 rw-p 00000000 00:00 0 
7fb014780000-7fb018000000 ---p 00000000 00:00 0 
7fb018000000-7fb018021000 rw-p 00000000 00:00 0 
7fb018021000-7fb01c000000 ---p 00000000 00:00 0 
7fb01c000000-7fb01c22b000 rw-p 00000000 00:00 0 
7fb01c22b000-7fb020000000 ---p 00000000 00:00 0 
7fb020000000-7fb020021000 rw-p 00000000 00:00 0 
7fb020021000-7fb024000000 ---p 00000000 00:00 0 
7fb024000000-7fb024021000 rw-p 00000000 00:00 0 
7fb024021000-7fb028000000 ---p 00000000 00:00 0 
7fb028000000-7fb028021000 rw-p 00000000 00:00 0 
7fb028021000-7fb02c000000 ---p 00000000 00:00 0 
7fb02c000000-7fb02c27b000 rw-p 00000000 00:00 0 
7fb02c27b000-7fb030000000 ---p 00000000 00:00 0 
7fb030000000-7fb030021000 rw-p 00000000 00:00 0 
7fb030021000-7fb034000000 ---p 00000000 00:00 0 
7fb034000000-7fb034021000 rw-p 00000000 00:00 0 
7fb034021000-7fb038000000 ---p 00000000 00:00 0 
7fb038000000-7fb038021000 rw-p 00000000 00:00 0 
7fb038021000-7fb03c000000 ---p 00000000 00:00 0 
7fb03c986000-7fb03cab3000 rw-p 00000000 00:00 0 
7fb03cab3000-7fb03cb87000 ---p 00000000 00:00 0 
7fb03cb87000-7fb03cd87000 rw-p 00000000 00:00 0 
7fb03cd87000-7fb03cd89000 r--s 00007000 08:02 3284390                    /home/norpadon/.sbt/boot/scala-2.10.2/com.typesafe.sbtrc/sbt-rc-ui-interface-0-13/1.0-1a8f7afd5ba98b45834ff53dd349130c3ade22f1/sbt-rc-ui-interface-0-13-1.0-1a8f7afd5ba98b45834ff53dd349130c3ade22f1.jar
7fb03cd89000-7fb03cf89000 rw-p 00000000 00:00 0 
7fb03cf89000-7fb03d189000 rw-p 00000000 00:00 0 
7fb03d189000-7fb03d18d000 r--s 00093000 08:02 3424787                    /usr/local/java/jdk1.8.0_25/jre/lib/jsse.jar
7fb03d18d000-7fb03d190000 ---p 00000000 00:00 0 
7fb03d190000-7fb03d1c6000 rw-p 00000000 00:00 0                          [stack:28182]
7fb03d1c6000-7fb03d1e2000 r--s 00393000 08:02 3811054                    /usr/local/java/jdk1.8.0_25/jre/lib/ext/cldrdata.jar
7fb03d1e2000-7fb03d1ec000 r--s 00116000 08:02 3811048                    /usr/local/java/jdk1.8.0_25/jre/lib/ext/localedata.jar
7fb03d1ec000-7fb03d1f3000 r--s 00000000 08:02 3286531                    /usr/lib/x86_64-linux-gnu/gconv/gconv-modules.cache
7fb03d1f3000-7fb03d222000 r--p 00000000 08:02 3676527                    /usr/share/locale-langpack/ru/LC_MESSAGES/libc.mo
7fb03d222000-7fb03d224000 r--s 0000b000 08:02 3439112                    /home/norpadon/.sbt/boot/scala-2.10.4/org.scala-sbt/sbt/0.13.5/xsbti/interface-0.13.5.jar
7fb03d224000-7fb03d226000 r--s 00014000 08:02 3298059                    /home/norpadon/.sbt/boot/scala-2.10.4/org.scala-sbt/sbt/0.13.5/apply-macro-0.13.5.jar
7fb03d226000-7fb03d229000 r--s 00030000 08:02 3298063                    /home/norpadon/.sbt/boot/scala-2.10.4/org.scala-sbt/sbt/0.13.5/jline-2.11.jar
7fb03d229000-7fb03d22c000 r--s 0001e000 08:02 3298038                    /home/norpadon/.sbt/boot/scala-2.10.4/org.scala-sbt/sbt/0.13.5/run-0.13.5.jar
7fb03d22c000-7fb03d42c000 rw-p 00000000 00:00 0 
7fb03d42c000-7fb03d431000 r--s 00036000 08:02 3298071                    /home/norpadon/.sbt/boot/scala-2.10.4/org.scala-sbt/sbt/0.13.5/command-0.13.5.jar
7fb03d431000-7fb03d433000 r--s 00002000 08:02 3298047                    /home/norpadon/.sbt/boot/scala-2.10.4/org.scala-sbt/sbt/0.13.5/control-0.13.5.jar
7fb03d433000-7fb03d436000 r--s 00013000 08:02 3298050                    /home/norpadon/.sbt/boot/scala-2.10.4/org.scala-sbt/sbt/0.13.5/classpath-0.13.5.jar
7fb03d436000-7fb03d439000 r--s 00019000 08:02 3298045                    /home/norpadon/.sbt/boot/scala-2.10.4/org.scala-sbt/sbt/0.13.5/compile-0.13.5.jar
7fb03d439000-7fb03d441000 r--s 0005e000 08:02 3298037                    /home/norpadon/.sbt/boot/scala-2.10.4/org.scala-sbt/sbt/0.13.5/incremental-compiler-0.13.5.jar
7fb03d441000-7fb03d445000 r--s 00024000 08:02 3298060                    /home/norpadon/.sbt/boot/scala-2.10.4/org.scala-sbt/sbt/0.13.5/persist-0.13.5.jar
7fb03d445000-7fb03d448000 r--s 0001a000 08:02 3298058                    /home/norpadon/.sbt/boot/scala-2.10.4/org.scala-sbt/sbt/0.13.5/cache-0.13.5.jar
7fb03d448000-7fb03d45d000 r--s 00116000 08:02 3298035                    /home/norpadon/.sbt/boot/scala-2.10.4/org.scala-sbt/sbt/0.13.5/ivy-2.3.0.jar
7fb03d45d000-7fb03d460000 r--s 0001d000 08:02 3298040                    /home/norpadon/.sbt/boot/scala-2.10.4/org.scala-sbt/sbt/0.13.5/task-system-0.13.5.jar
7fb03d460000-7fb03d462000 r--s 00001000 08:02 3298034                    /home/norpadon/.sbt/boot/scala-2.10.4/org.scala-sbt/sbt/0.13.5/launcher-interface-0.13.5.jar
7fb03d462000-7fb03d463000 r--s 00005000 08:02 3298054                    /home/norpadon/.sbt/boot/scala-2.10.4/org.scala-sbt/sbt/0.13.5/sbt-0.13.5.jar
7fb03d463000-7fb03d464000 r--s 00005000 08:02 3298030                    /home/norpadon/.sbt/boot/scala-2.10.4/org.scala-sbt/sbt/0.13.5/test-agent-0.13.5.jar
7fb03d464000-7fb03d48b000 r--s 00200000 08:02 3298043                    /home/norpadon/.sbt/boot/scala-2.10.4/org.scala-sbt/sbt/0.13.5/main-0.13.5.jar
7fb03d48b000-7fb03d48f000 r--s 0001b000 08:02 3298061                    /home/norpadon/.sbt/boot/scala-2.10.4/org.scala-sbt/sbt/0.13.5/process-0.13.5.jar
7fb03d48f000-7fb03d491000 r--s 00002000 08:02 3298049                    /home/norpadon/.sbt/boot/scala-2.10.4/org.scala-sbt/sbt/0.13.5/test-interface-1.0.jar
7fb03d491000-7fb03d498000 r--s 00049000 08:02 3298039                    /home/norpadon/.sbt/boot/scala-2.10.4/org.scala-sbt/sbt/0.13.5/api-0.13.5.jar
7fb03d498000-7fb03d49b000 r--s 0000e000 08:02 3298055                    /home/norpadon/.sbt/boot/scala-2.10.4/org.scala-sbt/sbt/0.13.5/compiler-integration-0.13.5.jar
7fb03d49b000-7fb03d49e000 r--s 00012000 08:02 3298070                    /home/norpadon/.sbt/boot/scala-2.10.4/org.scala-sbt/sbt/0.13.5/classfile-0.13.5.jar
7fb03d49e000-7fb03d4a7000 r--s 00064000 08:02 3298028                    /home/norpadon/.sbt/boot/scala-2.10.4/org.scala-sbt/sbt/0.13.5/actions-0.13.5.jar
7fb03d4a7000-7fb03d4b2000 r--s 000a3000 08:02 3298048                    /home/norpadon/.sbt/boot/scala-2.10.4/org.scala-sbt/sbt/0.13.5/ivy-0.13.5.jar
7fb03d4b2000-7fb03d4b5000 r--s 0001d000 08:02 3298044                    /home/norpadon/.sbt/boot/scala-2.10.4/org.scala-sbt/sbt/0.13.5/tasks-0.13.5.jar
7fb03d4b5000-7fb03d4b8000 r--s 00017000 08:02 3298046                    /home/norpadon/.sbt/boot/scala-2.10.4/org.scala-sbt/sbt/0.13.5/testing-0.13.5.jar
7fb03d4b8000-7fb03d4be000 r--s 0003d000 08:02 3298069                    /home/norpadon/.sbt/boot/scala-2.10.4/org.scala-sbt/sbt/0.13.5/io-0.13.5.jar
7fb03d4be000-7fb03d4c2000 r--s 00022000 08:02 3298068                    /home/norpadon/.sbt/boot/scala-2.10.4/org.scala-sbt/sbt/0.13.5/sbinary_2.10-0.4.2.jar
7fb03d4c2000-7fb03d4ca000 r--s 0005c000 08:02 3298065                    /home/norpadon/.sbt/boot/scala-2.10.4/org.scala-sbt/sbt/0.13.5/collections-0.13.5.jar
7fb03d4ca000-7fb03d4d4000 r--s 00090000 08:02 3298062                    /home/norpadon/.sbt/boot/scala-2.10.4/org.scala-sbt/sbt/0.13.5/main-settings-0.13.5.jar
7fb03d4d4000-7fb03d50a000 r--s 002d9000 08:02 3298064                    /home/norpadon/.sbt/boot/scala-2.10.4/org.scala-sbt/sbt/0.13.5/scala-reflect-2.10.4.jar
7fb03d50a000-7fb03d607000 r--s 00cca000 08:02 3439117                    /home/norpadon/.sbt/boot/scala-2.10.4/lib/scala-compiler.jar
7fb03d607000-7fb03d63d000 r--s 002d9000 08:02 3439116                    /home/norpadon/.sbt/boot/scala-2.10.4/lib/scala-reflect.jar
7fb03d63d000-7fb03d6af000 r--s 0065a000 08:02 3439118                    /home/norpadon/.sbt/boot/scala-2.10.4/lib/scala-library.jar
7fb03d6af000-7fb03d6c0000 r-xp 00000000 08:02 3557231                    /usr/local/java/jdk1.8.0_25/jre/lib/amd64/libnio.so
7fb03d6c0000-7fb03d8bf000 ---p 00011000 08:02 3557231                    /usr/local/java/jdk1.8.0_25/jre/lib/amd64/libnio.so
7fb03d8bf000-7fb03d8c0000 rw-p 00010000 08:02 3557231                    /usr/local/java/jdk1.8.0_25/jre/lib/amd64/libnio.so
7fb03d8c0000-7fb03d8d6000 r-xp 00000000 08:02 3557210                    /usr/local/java/jdk1.8.0_25/jre/lib/amd64/libnet.so
7fb03d8d6000-7fb03dad6000 ---p 00016000 08:02 3557210                    /usr/local/java/jdk1.8.0_25/jre/lib/amd64/libnet.so
7fb03dad6000-7fb03dad7000 rw-p 00016000 08:02 3557210                    /usr/local/java/jdk1.8.0_25/jre/lib/amd64/libnet.so
7fb03dad7000-7fb03dad8000 ---p 00000000 00:00 0 
7fb03dad8000-7fb03dbd8000 rw-p 00000000 00:00 0                          [stack:28176]
7fb03dbd8000-7fb03dbdb000 ---p 00000000 00:00 0 
7fb03dbdb000-7fb03dcd9000 rw-p 00000000 00:00 0                          [stack:28175]
7fb03dcd9000-7fb03dcdc000 ---p 00000000 00:00 0 
7fb03dcdc000-7fb03ddda000 rw-p 00000000 00:00 0                          [stack:28174]
7fb03ddda000-7fb03dddd000 ---p 00000000 00:00 0 
7fb03dddd000-7fb03dedb000 rw-p 00000000 00:00 0                          [stack:28173]
7fb03dedb000-7fb03dede000 ---p 00000000 00:00 0 
7fb03dede000-7fb03dfdc000 rw-p 00000000 00:00 0                          [stack:28172]
7fb03dfdc000-7fb03dfdf000 ---p 00000000 00:00 0 
7fb03dfdf000-7fb03e0dd000 rw-p 00000000 00:00 0                          [stack:28171]
7fb03e0dd000-7fb03e8f1000 r--p 00000000 08:02 3022674                    /usr/lib/locale/locale-archive
7fb03e8f1000-7fb03e8f4000 ---p 00000000 00:00 0 
7fb03e8f4000-7fb03e9f2000 rw-p 00000000 00:00 0                          [stack:28170]
7fb03e9f2000-7fb03e9f5000 ---p 00000000 00:00 0 
7fb03e9f5000-7fb03eaf3000 rw-p 00000000 00:00 0                          [stack:28169]
7fb03eaf3000-7fb03eaf4000 ---p 00000000 00:00 0 
7fb03eaf4000-7fb041000000 rw-p 00000000 00:00 0                          [stack:28168]
7fb041000000-7fb0413f0000 rwxp 00000000 00:00 0 
7fb0413f0000-7fb050000000 ---p 00000000 00:00 0 
7fb050000000-7fb050d25000 rw-p 00000000 00:00 0 
7fb050d25000-7fb054000000 ---p 00000000 00:00 0 
7fb054000000-7fb054002000 r--s 00001000 08:02 3298056                    /home/norpadon/.sbt/boot/scala-2.10.4/org.scala-sbt/sbt/0.13.5/compiler-ivy-integration-0.13.5.jar
7fb054002000-7fb054354000 rw-p 00000000 00:00 0 
7fb054354000-7fb05452a000 r--s 03caa000 08:02 3424784                    /usr/local/java/jdk1.8.0_25/jre/lib/rt.jar
7fb05452a000-7fb0546fb000 rw-p 00000000 00:00 0 
7fb0546fb000-7fb0546fc000 ---p 00000000 00:00 0 
7fb0546fc000-7fb0547fc000 rw-p 00000000 00:00 0                          [stack:28167]
7fb0547fc000-7fb0547fd000 ---p 00000000 00:00 0 
7fb0547fd000-7fb0548fd000 rw-p 00000000 00:00 0                          [stack:28166]
7fb0548fd000-7fb0548fe000 ---p 00000000 00:00 0 
7fb0548fe000-7fb0549fe000 rw-p 00000000 00:00 0                          [stack:28165]
7fb0549fe000-7fb0549ff000 ---p 00000000 00:00 0 
7fb0549ff000-7fb054b13000 rw-p 00000000 00:00 0                          [stack:28164]
7fb054b13000-7fb054ba9000 ---p 00000000 00:00 0 
7fb054ba9000-7fb054bbc000 rw-p 00000000 00:00 0 
7fb054bbc000-7fb054bff000 ---p 00000000 00:00 0 
7fb054bff000-7fb054c10000 rw-p 00000000 00:00 0 
7fb054c10000-7fb054fc0000 ---p 00000000 00:00 0 
7fb054fc0000-7fb054fda000 r-xp 00000000 08:02 3557204                    /usr/local/java/jdk1.8.0_25/jre/lib/amd64/libzip.so
7fb054fda000-7fb0551da000 ---p 0001a000 08:02 3557204                    /usr/local/java/jdk1.8.0_25/jre/lib/amd64/libzip.so
7fb0551da000-7fb0551db000 rw-p 0001a000 08:02 3557204                    /usr/local/java/jdk1.8.0_25/jre/lib/amd64/libzip.so
7fb0551db000-7fb0551e6000 r-xp 00000000 08:02 1310936                    /lib/x86_64-linux-gnu/libnss_files-2.19.so
7fb0551e6000-7fb0553e5000 ---p 0000b000 08:02 1310936                    /lib/x86_64-linux-gnu/libnss_files-2.19.so
7fb0553e5000-7fb0553e6000 r--p 0000a000 08:02 1310936                    /lib/x86_64-linux-gnu/libnss_files-2.19.so
7fb0553e6000-7fb0553e7000 rw-p 0000b000 08:02 1310936                    /lib/x86_64-linux-gnu/libnss_files-2.19.so
7fb0553e7000-7fb0553f2000 r-xp 00000000 08:02 1310933                    /lib/x86_64-linux-gnu/libnss_nis-2.19.so
7fb0553f2000-7fb0555f1000 ---p 0000b000 08:02 1310933                    /lib/x86_64-linux-gnu/libnss_nis-2.19.so
7fb0555f1000-7fb0555f2000 r--p 0000a000 08:02 1310933                    /lib/x86_64-linux-gnu/libnss_nis-2.19.so
7fb0555f2000-7fb0555f3000 rw-p 0000b000 08:02 1310933                    /lib/x86_64-linux-gnu/libnss_nis-2.19.so
7fb0555f3000-7fb05560a000 r-xp 00000000 08:02 1310927                    /lib/x86_64-linux-gnu/libnsl-2.19.so
7fb05560a000-7fb055809000 ---p 00017000 08:02 1310927                    /lib/x86_64-linux-gnu/libnsl-2.19.so
7fb055809000-7fb05580a000 r--p 00016000 08:02 1310927                    /lib/x86_64-linux-gnu/libnsl-2.19.so
7fb05580a000-7fb05580b000 rw-p 00017000 08:02 1310927                    /lib/x86_64-linux-gnu/libnsl-2.19.so
7fb05580b000-7fb05580d000 rw-p 00000000 00:00 0 
7fb05580d000-7fb055816000 r-xp 00000000 08:02 1310924                    /lib/x86_64-linux-gnu/libnss_compat-2.19.so
7fb055816000-7fb055a15000 ---p 00009000 08:02 1310924                    /lib/x86_64-linux-gnu/libnss_compat-2.19.so
7fb055a15000-7fb055a16000 r--p 00008000 08:02 1310924                    /lib/x86_64-linux-gnu/libnss_compat-2.19.so
7fb055a16000-7fb055a17000 rw-p 00009000 08:02 1310924                    /lib/x86_64-linux-gnu/libnss_compat-2.19.so
7fb055a17000-7fb055a41000 r-xp 00000000 08:02 3557185                    /usr/local/java/jdk1.8.0_25/jre/lib/amd64/libjava.so
7fb055a41000-7fb055c41000 ---p 0002a000 08:02 3557185                    /usr/local/java/jdk1.8.0_25/jre/lib/amd64/libjava.so
7fb055c41000-7fb055c43000 rw-p 0002a000 08:02 3557185                    /usr/local/java/jdk1.8.0_25/jre/lib/amd64/libjava.so
7fb055c43000-7fb055c50000 r-xp 00000000 08:02 3557198                    /usr/local/java/jdk1.8.0_25/jre/lib/amd64/libverify.so
7fb055c50000-7fb055e50000 ---p 0000d000 08:02 3557198                    /usr/local/java/jdk1.8.0_25/jre/lib/amd64/libverify.so
7fb055e50000-7fb055e52000 rw-p 0000d000 08:02 3557198                    /usr/local/java/jdk1.8.0_25/jre/lib/amd64/libverify.so
7fb055e52000-7fb055e59000 r-xp 00000000 08:02 1310919                    /lib/x86_64-linux-gnu/librt-2.19.so
7fb055e59000-7fb056058000 ---p 00007000 08:02 1310919                    /lib/x86_64-linux-gnu/librt-2.19.so
7fb056058000-7fb056059000 r--p 00006000 08:02 1310919                    /lib/x86_64-linux-gnu/librt-2.19.so
7fb056059000-7fb05605a000 rw-p 00007000 08:02 1310919                    /lib/x86_64-linux-gnu/librt-2.19.so
7fb05605a000-7fb05615f000 r-xp 00000000 08:02 1310926                    /lib/x86_64-linux-gnu/libm-2.19.so
7fb05615f000-7fb05635e000 ---p 00105000 08:02 1310926                    /lib/x86_64-linux-gnu/libm-2.19.so
7fb05635e000-7fb05635f000 r--p 00104000 08:02 1310926                    /lib/x86_64-linux-gnu/libm-2.19.so
7fb05635f000-7fb056360000 rw-p 00105000 08:02 1310926                    /lib/x86_64-linux-gnu/libm-2.19.so
7fb056360000-7fb056fcd000 r-xp 00000000 08:02 3811034                    /usr/local/java/jdk1.8.0_25/jre/lib/amd64/server/libjvm.so
7fb056fcd000-7fb0571cc000 ---p 00c6d000 08:02 3811034                    /usr/local/java/jdk1.8.0_25/jre/lib/amd64/server/libjvm.so
7fb0571cc000-7fb0572a2000 rw-p 00c6c000 08:02 3811034                    /usr/local/java/jdk1.8.0_25/jre/lib/amd64/server/libjvm.so
7fb0572a2000-7fb0572e5000 rw-p 00000000 00:00 0 
7fb0572e5000-7fb0574a0000 r-xp 00000000 08:02 1310918                    /lib/x86_64-linux-gnu/libc-2.19.so
7fb0574a0000-7fb0576a0000 ---p 001bb000 08:02 1310918                    /lib/x86_64-linux-gnu/libc-2.19.so
7fb0576a0000-7fb0576a4000 r--p 001bb000 08:02 1310918                    /lib/x86_64-linux-gnu/libc-2.19.so
7fb0576a4000-7fb0576a6000 rw-p 001bf000 08:02 1310918                    /lib/x86_64-linux-gnu/libc-2.19.so
7fb0576a6000-7fb0576ab000 rw-p 00000000 00:00 0 
7fb0576ab000-7fb0576ae000 r-xp 00000000 08:02 1310922                    /lib/x86_64-linux-gnu/libdl-2.19.so
7fb0576ae000-7fb0578ad000 ---p 00003000 08:02 1310922                    /lib/x86_64-linux-gnu/libdl-2.19.so
7fb0578ad000-7fb0578ae000 r--p 00002000 08:02 1310922                    /lib/x86_64-linux-gnu/libdl-2.19.so
7fb0578ae000-7fb0578af000 rw-p 00003000 08:02 1310922                    /lib/x86_64-linux-gnu/libdl-2.19.so
7fb0578af000-7fb0578c4000 r-xp 00000000 08:02 3810332                    /usr/local/java/jdk1.8.0_25/lib/amd64/jli/libjli.so
7fb0578c4000-7fb057ac3000 ---p 00015000 08:02 3810332                    /usr/local/java/jdk1.8.0_25/lib/amd64/jli/libjli.so
7fb057ac3000-7fb057ac4000 rw-p 00014000 08:02 3810332                    /usr/local/java/jdk1.8.0_25/lib/amd64/jli/libjli.so
7fb057ac4000-7fb057add000 r-xp 00000000 08:02 1310935                    /lib/x86_64-linux-gnu/libpthread-2.19.so
7fb057add000-7fb057cdc000 ---p 00019000 08:02 1310935                    /lib/x86_64-linux-gnu/libpthread-2.19.so
7fb057cdc000-7fb057cdd000 r--p 00018000 08:02 1310935                    /lib/x86_64-linux-gnu/libpthread-2.19.so
7fb057cdd000-7fb057cde000 rw-p 00019000 08:02 1310935                    /lib/x86_64-linux-gnu/libpthread-2.19.so
7fb057cde000-7fb057ce2000 rw-p 00000000 00:00 0 
7fb057ce2000-7fb057d05000 r-xp 00000000 08:02 1310916                    /lib/x86_64-linux-gnu/ld-2.19.so
7fb057d05000-7fb057d06000 r--s 0000a000 08:02 3298057                    /home/norpadon/.sbt/boot/scala-2.10.4/org.scala-sbt/sbt/0.13.5/tracking-0.13.5.jar
7fb057d06000-7fb057d0a000 r--s 00034000 08:02 3298029                    /home/norpadon/.sbt/boot/scala-2.10.4/org.scala-sbt/sbt/0.13.5/jsch-0.1.46.jar
7fb057d0a000-7fb057d0c000 r--s 00001000 08:02 3298066                    /home/norpadon/.sbt/boot/scala-2.10.4/org.scala-sbt/sbt/0.13.5/cross-0.13.5.jar
7fb057d0c000-7fb057d0e000 r--s 00006000 08:02 3298036                    /home/norpadon/.sbt/boot/scala-2.10.4/org.scala-sbt/sbt/0.13.5/relation-0.13.5.jar
7fb057d0e000-7fb057d16000 r--s 00057000 08:02 3298051                    /home/norpadon/.sbt/boot/scala-2.10.4/org.scala-sbt/sbt/0.13.5/completion-0.13.5.jar
7fb057d16000-7fb057d18000 r--s 0000e000 08:02 3298067                    /home/norpadon/.sbt/boot/scala-2.10.4/org.scala-sbt/sbt/0.13.5/logic-0.13.5.jar
7fb057d18000-7fb057d1c000 r--s 00025000 08:02 3439114                    /home/norpadon/.sbt/boot/scala-2.10.4/lib/jline.jar
7fb057d1c000-7fb057d38000 r--s 00107000 08:02 3675160                    /home/norpadon/projects/snake/activator-launch-1.2.12.jar
7fb057d38000-7fb057d4c000 rw-p 00000000 00:00 0 
7fb057d4c000-7fb057de3000 ---p 00000000 00:00 0 
7fb057de3000-7fb057de6000 ---p 00000000 00:00 0 
7fb057de6000-7fb057ee8000 rw-p 00000000 00:00 0                          [stack:28163]
7fb057ee8000-7fb057eeb000 r--s 00018000 08:02 3298031                    /home/norpadon/.sbt/boot/scala-2.10.4/org.scala-sbt/sbt/0.13.5/logging-0.13.5.jar
7fb057eeb000-7fb057eee000 r--s 00018000 08:02 3439115                    /home/norpadon/.sbt/boot/scala-2.10.4/lib/jansi.jar
7fb057eee000-7fb057ef8000 rw-p 00000000 00:00 0 
7fb057ef8000-7fb057f00000 rw-s 00000000 08:02 932519                     /tmp/hsperfdata_norpadon/28158
7fb057f00000-7fb057f01000 rw-p 00000000 00:00 0 
7fb057f01000-7fb057f02000 ---p 00000000 00:00 0 
7fb057f02000-7fb057f04000 rw-p 00000000 00:00 0 
7fb057f04000-7fb057f05000 r--p 00022000 08:02 1310916                    /lib/x86_64-linux-gnu/ld-2.19.so
7fb057f05000-7fb057f06000 rw-p 00023000 08:02 1310916                    /lib/x86_64-linux-gnu/ld-2.19.so
7fb057f06000-7fb057f07000 rw-p 00000000 00:00 0 
7ffff32f8000-7ffff331a000 rw-p 00000000 00:00 0                          [stack]
7ffff33c5000-7ffff33c7000 r-xp 00000000 00:00 0                          [vdso]
ffffffffff600000-ffffffffff601000 r-xp 00000000 00:00 0                  [vsyscall]

VM Arguments:
jvm_args: -Xss1024K -Xmx512M -XX:PermSize=128M -XX:+CMSClassUnloadingEnabled -Dsbt.boot.properties=file:/tmp/sbtrc34793161314960819properties -Dsbtrc.control-port=51926 
java_command: /home/norpadon/projects/snake/activator-launch-1.2.12.jar apply -cp """/home/norpadon/.sbt/boot/scala-2.10.2/com.typesafe.sbtrc/sbt-rc-probe-0-13/1.0-1a8f7afd5ba98b45834ff53dd349130c3ade22f1/sbt-rc-probe-0-13-1.0-1a8f7afd5ba98b45834ff53dd349130c3ade22f1.jar:/home/norpadon/.sbt/boot/scala-2.10.2/com.typesafe.sbtrc/sbt-rc-probe-0-13/1.0-1a8f7afd5ba98b45834ff53dd349130c3ade22f1/sbt-rc-props-1.0-1a8f7afd5ba98b45834ff53dd349130c3ade22f1.jar""" com.typesafe.sbtrc.SetupSbtChild listen
java_class_path (initial): /home/norpadon/projects/snake/activator-launch-1.2.12.jar
Launcher Type: SUN_STANDARD

Environment Variables:
JAVA_HOME=/usr/local/java/jdk1.8.0_25/
JRE_HOME=$JAVA_HOME/jre
PATH=/usr/local/sbin:/usr/local/bin:/usr/sbin:/usr/bin:/sbin:/bin:/usr/games:/usr/local/games:/opt/pycharm-4.0.3/bin:/opt/clion-140.1221.2/bin:/opt/idea-IU-139.659.2/bin:/usr/local/java/jdk1.8.0_25/bin:/usr/local/java/jdk1.8.0_25/jre/bin:/opt/scala-2.11.4/bin
SHELL=/bin/bash
DISPLAY=:0

Signal Handlers:
SIGSEGV: [libjvm.so+0xa79a80], sa_mask[0]=11111111011111111101111111111110, sa_flags=SA_RESTART|SA_SIGINFO
SIGBUS: [libjvm.so+0xa79a80], sa_mask[0]=11111111011111111101111111111110, sa_flags=SA_RESTART|SA_SIGINFO
SIGFPE: [libjvm.so+0x8e24e0], sa_mask[0]=11111111011111111101111111111110, sa_flags=SA_RESTART|SA_SIGINFO
SIGPIPE: [libjvm.so+0x8e24e0], sa_mask[0]=11111111011111111101111111111110, sa_flags=SA_RESTART|SA_SIGINFO
SIGXFSZ: [libjvm.so+0x8e24e0], sa_mask[0]=11111111011111111101111111111110, sa_flags=SA_RESTART|SA_SIGINFO
SIGILL: [libjvm.so+0x8e24e0], sa_mask[0]=11111111011111111101111111111110, sa_flags=SA_RESTART|SA_SIGINFO
SIGUSR1: SIG_DFL, sa_mask[0]=00000000000000000000000000000000, sa_flags=none
SIGUSR2: [libjvm.so+0x8e3d10], sa_mask[0]=00100000000000000000000000000000, sa_flags=SA_RESTART|SA_SIGINFO
SIGHUP: [libjvm.so+0x8e50d0], sa_mask[0]=11111111011111111101111111111110, sa_flags=SA_RESTART|SA_SIGINFO
SIGINT: [libjvm.so+0x8e50d0], sa_mask[0]=11111111011111111101111111111110, sa_flags=SA_RESTART|SA_SIGINFO
SIGTERM: [libjvm.so+0x8e50d0], sa_mask[0]=11111111011111111101111111111110, sa_flags=SA_RESTART|SA_SIGINFO
SIGQUIT: [libjvm.so+0x8e50d0], sa_mask[0]=11111111011111111101111111111110, sa_flags=SA_RESTART|SA_SIGINFO


---------------  S Y S T E M  ---------------

OS:DISTRIB_ID=Ubuntu
DISTRIB_RELEASE=14.04
DISTRIB_CODENAME=trusty
DISTRIB_DESCRIPTION="Ubuntu 14.04.1 LTS"

uname:Linux 3.13.0-45-generic #74-Ubuntu SMP Tue Jan 13 19:36:28 UTC 2015 x86_64
libc:glibc 2.19 NPTL 2.19 
rlimit: STACK 8192k, CORE 0k, NPROC 29527, NOFILE 4096, AS infinity
load average:2,50 1,10 0,93

/proc/meminfo:
MemTotal:        3860668 kB
MemFree:           94940 kB
Buffers:             264 kB
Cached:           442044 kB
SwapCached:            0 kB
Active:          3300260 kB
Inactive:         288036 kB
Active(anon):    3300260 kB
Inactive(anon):   277364 kB
Active(file):          0 kB
Inactive(file):    10672 kB
Unevictable:         156 kB
Mlocked:             156 kB
SwapTotal:             0 kB
SwapFree:              0 kB
Dirty:                36 kB
Writeback:             0 kB
AnonPages:       3146824 kB
Mapped:            74052 kB
Shmem:            430956 kB
Slab:              66180 kB
SReclaimable:      27616 kB
SUnreclaim:        38564 kB
KernelStack:        5840 kB
PageTables:        47908 kB
NFS_Unstable:          0 kB
Bounce:                0 kB
WritebackTmp:          0 kB
CommitLimit:     1930332 kB
Committed_AS:    8306540 kB
VmallocTotal:   34359738367 kB
VmallocUsed:      548656 kB
VmallocChunk:   34359170076 kB
HardwareCorrupted:     0 kB
AnonHugePages:    765952 kB
HugePages_Total:       0
HugePages_Free:        0
HugePages_Rsvd:        0
HugePages_Surp:        0
Hugepagesize:       2048 kB
DirectMap4k:       71424 kB
DirectMap2M:     3934208 kB


CPU:total 4 (2 cores per cpu, 2 threads per core) family 6 model 58 stepping 9, cmov, cx8, fxsr, mmx, sse, sse2, sse3, ssse3, sse4.1, sse4.2, popcnt, avx, aes, clmul, erms, ht, tsc, tscinvbit, tscinv

/proc/cpuinfo:
processor	: 0
vendor_id	: GenuineIntel
cpu family	: 6
model		: 58
model name	: Intel(R) Core(TM) i5-3337U CPU @ 1.80GHz
stepping	: 9
microcode	: 0x17
cpu MHz		: 1801.000
cache size	: 3072 KB
physical id	: 0
siblings	: 4
core id		: 0
cpu cores	: 2
apicid		: 0
initial apicid	: 0
fpu		: yes
fpu_exception	: yes
cpuid level	: 13
wp		: yes
flags		: fpu vme de pse tsc msr pae mce cx8 apic sep mtrr pge mca cmov pat pse36 clflush dts acpi mmx fxsr sse sse2 ss ht tm pbe syscall nx rdtscp lm constant_tsc arch_perfmon pebs bts rep_good nopl xtopology nonstop_tsc aperfmperf eagerfpu pni pclmulqdq dtes64 monitor ds_cpl vmx est tm2 ssse3 cx16 xtpr pdcm pcid sse4_1 sse4_2 x2apic popcnt tsc_deadline_timer aes xsave avx f16c rdrand lahf_lm ida arat epb xsaveopt pln pts dtherm tpr_shadow vnmi flexpriority ept vpid fsgsbase smep erms
bogomips	: 3591.69
clflush size	: 64
cache_alignment	: 64
address sizes	: 36 bits physical, 48 bits virtual
power management:

processor	: 1
vendor_id	: GenuineIntel
cpu family	: 6
model		: 58
model name	: Intel(R) Core(TM) i5-3337U CPU @ 1.80GHz
stepping	: 9
microcode	: 0x17
cpu MHz		: 1801.000
cache size	: 3072 KB
physical id	: 0
siblings	: 4
core id		: 0
cpu cores	: 2
apicid		: 1
initial apicid	: 1
fpu		: yes
fpu_exception	: yes
cpuid level	: 13
wp		: yes
flags		: fpu vme de pse tsc msr pae mce cx8 apic sep mtrr pge mca cmov pat pse36 clflush dts acpi mmx fxsr sse sse2 ss ht tm pbe syscall nx rdtscp lm constant_tsc arch_perfmon pebs bts rep_good nopl xtopology nonstop_tsc aperfmperf eagerfpu pni pclmulqdq dtes64 monitor ds_cpl vmx est tm2 ssse3 cx16 xtpr pdcm pcid sse4_1 sse4_2 x2apic popcnt tsc_deadline_timer aes xsave avx f16c rdrand lahf_lm ida arat epb xsaveopt pln pts dtherm tpr_shadow vnmi flexpriority ept vpid fsgsbase smep erms
bogomips	: 3591.69
clflush size	: 64
cache_alignment	: 64
address sizes	: 36 bits physical, 48 bits virtual
power management:

processor	: 2
vendor_id	: GenuineIntel
cpu family	: 6
model		: 58
model name	: Intel(R) Core(TM) i5-3337U CPU @ 1.80GHz
stepping	: 9
microcode	: 0x17
cpu MHz		: 1801.000
cache size	: 3072 KB
physical id	: 0
siblings	: 4
core id		: 1
cpu cores	: 2
apicid		: 2
initial apicid	: 2
fpu		: yes
fpu_exception	: yes
cpuid level	: 13
wp		: yes
flags		: fpu vme de pse tsc msr pae mce cx8 apic sep mtrr pge mca cmov pat pse36 clflush dts acpi mmx fxsr sse sse2 ss ht tm pbe syscall nx rdtscp lm constant_tsc arch_perfmon pebs bts rep_good nopl xtopology nonstop_tsc aperfmperf eagerfpu pni pclmulqdq dtes64 monitor ds_cpl vmx est tm2 ssse3 cx16 xtpr pdcm pcid sse4_1 sse4_2 x2apic popcnt tsc_deadline_timer aes xsave avx f16c rdrand lahf_lm ida arat epb xsaveopt pln pts dtherm tpr_shadow vnmi flexpriority ept vpid fsgsbase smep erms
bogomips	: 3591.69
clflush size	: 64
cache_alignment	: 64
address sizes	: 36 bits physical, 48 bits virtual
power management:

processor	: 3
vendor_id	: GenuineIntel
cpu family	: 6
model		: 58
model name	: Intel(R) Core(TM) i5-3337U CPU @ 1.80GHz
stepping	: 9
microcode	: 0x17
cpu MHz		: 1801.000
cache size	: 3072 KB
physical id	: 0
siblings	: 4
core id		: 1
cpu cores	: 2
apicid		: 3
initial apicid	: 3
fpu		: yes
fpu_exception	: yes
cpuid level	: 13
wp		: yes
flags		: fpu vme de pse tsc msr pae mce cx8 apic sep mtrr pge mca cmov pat pse36 clflush dts acpi mmx fxsr sse sse2 ss ht tm pbe syscall nx rdtscp lm constant_tsc arch_perfmon pebs bts rep_good nopl xtopology nonstop_tsc aperfmperf eagerfpu pni pclmulqdq dtes64 monitor ds_cpl vmx est tm2 ssse3 cx16 xtpr pdcm pcid sse4_1 sse4_2 x2apic popcnt tsc_deadline_timer aes xsave avx f16c rdrand lahf_lm ida arat epb xsaveopt pln pts dtherm tpr_shadow vnmi flexpriority ept vpid fsgsbase smep erms
bogomips	: 3591.69
clflush size	: 64
cache_alignment	: 64
address sizes	: 36 bits physical, 48 bits virtual
power management:



Memory: 4k page, physical 3860668k(97828k free), swap 0k(0k free)

vm_info: Java HotSpot(TM) 64-Bit Server VM (25.25-b02) for linux-amd64 JRE (1.8.0_25-b17), built on Sep 17 2014 17:32:11 by "java_re" with gcc 4.3.0 20080428 (Red Hat 4.3.0-8)

time: Thu Jan 22 20:45:10 2015
elapsed time: 5 seconds (0d 0h 0m 5s)

