#
# There is insufficient memory for the Java Runtime Environment to continue.
# Native memory allocation (mmap) failed to map 716177408 bytes for committing reserved memory.
# Possible reasons:
#   The system is out of physical RAM or swap space
#   In 32 bit mode, the process size limit was hit
# Possible solutions:
#   Reduce memory load on the system
#   Increase physical memory or swap space
#   Check if swap backing store is full
#   Use 64 bit Java on a 64 bit OS
#   Decrease Java heap size (-Xmx/-Xms)
#   Decrease number of Java threads
#   Decrease Java thread stack sizes (-Xss)
#   Set larger code cache with -XX:ReservedCodeCacheSize=
# This output file may be truncated or incomplete.
#
#  Out of Memory Error (os_linux.cpp:2671), pid=12095, tid=140231678813952
#
# JRE version:  (8.0_25-b17) (build )
# Java VM: Java HotSpot(TM) 64-Bit Server VM (25.25-b02 mixed mode linux-amd64 compressed oops)
# Failed to write core dump. Core dumps have been disabled. To enable core dumping, try "ulimit -c unlimited" before starting Java again
#

---------------  T H R E A D  ---------------

Current thread (0x00007f8a34009800):  JavaThread "Unknown thread" [_thread_in_vm, id=12141, stack(0x00007f8a3b56e000,0x00007f8a3b66f000)]

Stack: [0x00007f8a3b56e000,0x00007f8a3b66f000],  sp=0x00007f8a3b66d3f0,  free space=1020k
Native frames: (J=compiled Java code, j=interpreted, Vv=VM code, C=native code)
V  [libjvm.so+0xa7923a]  VMError::report_and_die()+0x2ca
V  [libjvm.so+0x4e552b]  report_vm_out_of_memory(char const*, int, unsigned long, VMErrorType, char const*)+0x8b
V  [libjvm.so+0x8e5613]  os::Linux::commit_memory_impl(char*, unsigned long, bool)+0x103
V  [libjvm.so+0x8e5b69]  os::pd_commit_memory(char*, unsigned long, unsigned long, bool)+0x29
V  [libjvm.so+0x8df83a]  os::commit_memory(char*, unsigned long, unsigned long, bool)+0x2a
V  [libjvm.so+0x94f923]  PSVirtualSpace::expand_by(unsigned long)+0x53
V  [libjvm.so+0x93fe99]  PSOldGen::initialize(ReservedSpace, unsigned long, char const*, int)+0xb9
V  [libjvm.so+0x2d2856]  AdjoiningGenerations::AdjoiningGenerations(ReservedSpace, GenerationSizer*, unsigned long)+0x3a6
V  [libjvm.so+0x906f2e]  ParallelScavengeHeap::initialize()+0x1ae
V  [libjvm.so+0xa4528d]  Universe::initialize_heap()+0xfd
V  [libjvm.so+0xa456af]  universe_init()+0x3f
V  [libjvm.so+0x612435]  init_globals()+0x65
V  [libjvm.so+0xa2b25d]  Threads::create_vm(JavaVMInitArgs*, bool*)+0x24d
V  [libjvm.so+0x6a9704]  JNI_CreateJavaVM+0x74
C  [libjli.so+0x736e]  JavaMain+0x9e
C  [libpthread.so.0+0x8182]  start_thread+0xc2


---------------  P R O C E S S  ---------------

Java Threads: ( => current thread )

Other Threads:

=>0x00007f8a34009800 (exited) JavaThread "Unknown thread" [_thread_in_vm, id=12141, stack(0x00007f8a3b56e000,0x00007f8a3b66f000)]

VM state:not at safepoint (not fully initialized)

VM Mutex/Monitor currently owned by a thread: None

GC Heap History (0 events):
No events

Deoptimization events (0 events):
No events

Internal exceptions (0 events):
No events

Events (0 events):
No events


Dynamic libraries:
00400000-00401000 r-xp 00000000 08:02 3286214                            /usr/local/java/jdk1.8.0_25/bin/java
00600000-00601000 rw-p 00000000 08:02 3286214                            /usr/local/java/jdk1.8.0_25/bin/java
00af8000-00b19000 rw-p 00000000 00:00 0                                  [heap]
eab00000-100000000 rw-p 00000000 00:00 0 
7f8a24e76000-7f8a25000000 rw-p 00000000 00:00 0 
7f8a25000000-7f8a25270000 rwxp 00000000 00:00 0 
7f8a25270000-7f8a34000000 ---p 00000000 00:00 0 
7f8a34000000-7f8a34032000 rw-p 00000000 00:00 0 
7f8a34032000-7f8a38000000 ---p 00000000 00:00 0 
7f8a3809f000-7f8a3818a000 rw-p 00000000 00:00 0 
7f8a3818a000-7f8a382df000 ---p 00000000 00:00 0 
7f8a382df000-7f8a38395000 rw-p 00000000 00:00 0 
7f8a38395000-7f8a3874b000 ---p 00000000 00:00 0 
7f8a3874b000-7f8a38765000 r-xp 00000000 08:02 3557204                    /usr/local/java/jdk1.8.0_25/jre/lib/amd64/libzip.so
7f8a38765000-7f8a38965000 ---p 0001a000 08:02 3557204                    /usr/local/java/jdk1.8.0_25/jre/lib/amd64/libzip.so
7f8a38965000-7f8a38966000 rw-p 0001a000 08:02 3557204                    /usr/local/java/jdk1.8.0_25/jre/lib/amd64/libzip.so
7f8a38966000-7f8a38971000 r-xp 00000000 08:02 1310936                    /lib/x86_64-linux-gnu/libnss_files-2.19.so
7f8a38971000-7f8a38b70000 ---p 0000b000 08:02 1310936                    /lib/x86_64-linux-gnu/libnss_files-2.19.so
7f8a38b70000-7f8a38b71000 r--p 0000a000 08:02 1310936                    /lib/x86_64-linux-gnu/libnss_files-2.19.so
7f8a38b71000-7f8a38b72000 rw-p 0000b000 08:02 1310936                    /lib/x86_64-linux-gnu/libnss_files-2.19.so
7f8a38b72000-7f8a38b7d000 r-xp 00000000 08:02 1310933                    /lib/x86_64-linux-gnu/libnss_nis-2.19.so
7f8a38b7d000-7f8a38d7c000 ---p 0000b000 08:02 1310933                    /lib/x86_64-linux-gnu/libnss_nis-2.19.so
7f8a38d7c000-7f8a38d7d000 r--p 0000a000 08:02 1310933                    /lib/x86_64-linux-gnu/libnss_nis-2.19.so
7f8a38d7d000-7f8a38d7e000 rw-p 0000b000 08:02 1310933                    /lib/x86_64-linux-gnu/libnss_nis-2.19.so
7f8a38d7e000-7f8a38d95000 r-xp 00000000 08:02 1310927                    /lib/x86_64-linux-gnu/libnsl-2.19.so
7f8a38d95000-7f8a38f94000 ---p 00017000 08:02 1310927                    /lib/x86_64-linux-gnu/libnsl-2.19.so
7f8a38f94000-7f8a38f95000 r--p 00016000 08:02 1310927                    /lib/x86_64-linux-gnu/libnsl-2.19.so
7f8a38f95000-7f8a38f96000 rw-p 00017000 08:02 1310927                    /lib/x86_64-linux-gnu/libnsl-2.19.so
7f8a38f96000-7f8a38f98000 rw-p 00000000 00:00 0 
7f8a38f98000-7f8a38fa1000 r-xp 00000000 08:02 1310924                    /lib/x86_64-linux-gnu/libnss_compat-2.19.so
7f8a38fa1000-7f8a391a0000 ---p 00009000 08:02 1310924                    /lib/x86_64-linux-gnu/libnss_compat-2.19.so
7f8a391a0000-7f8a391a1000 r--p 00008000 08:02 1310924                    /lib/x86_64-linux-gnu/libnss_compat-2.19.so
7f8a391a1000-7f8a391a2000 rw-p 00009000 08:02 1310924                    /lib/x86_64-linux-gnu/libnss_compat-2.19.so
7f8a391a2000-7f8a391cc000 r-xp 00000000 08:02 3557185                    /usr/local/java/jdk1.8.0_25/jre/lib/amd64/libjava.so
7f8a391cc000-7f8a393cc000 ---p 0002a000 08:02 3557185                    /usr/local/java/jdk1.8.0_25/jre/lib/amd64/libjava.so
7f8a393cc000-7f8a393ce000 rw-p 0002a000 08:02 3557185                    /usr/local/java/jdk1.8.0_25/jre/lib/amd64/libjava.so
7f8a393ce000-7f8a393db000 r-xp 00000000 08:02 3557198                    /usr/local/java/jdk1.8.0_25/jre/lib/amd64/libverify.so
7f8a393db000-7f8a395db000 ---p 0000d000 08:02 3557198                    /usr/local/java/jdk1.8.0_25/jre/lib/amd64/libverify.so
7f8a395db000-7f8a395dd000 rw-p 0000d000 08:02 3557198                    /usr/local/java/jdk1.8.0_25/jre/lib/amd64/libverify.so
7f8a395dd000-7f8a395e4000 r-xp 00000000 08:02 1310919                    /lib/x86_64-linux-gnu/librt-2.19.so
7f8a395e4000-7f8a397e3000 ---p 00007000 08:02 1310919                    /lib/x86_64-linux-gnu/librt-2.19.so
7f8a397e3000-7f8a397e4000 r--p 00006000 08:02 1310919                    /lib/x86_64-linux-gnu/librt-2.19.so
7f8a397e4000-7f8a397e5000 rw-p 00007000 08:02 1310919                    /lib/x86_64-linux-gnu/librt-2.19.so
7f8a397e5000-7f8a398ea000 r-xp 00000000 08:02 1310926                    /lib/x86_64-linux-gnu/libm-2.19.so
7f8a398ea000-7f8a39ae9000 ---p 00105000 08:02 1310926                    /lib/x86_64-linux-gnu/libm-2.19.so
7f8a39ae9000-7f8a39aea000 r--p 00104000 08:02 1310926                    /lib/x86_64-linux-gnu/libm-2.19.so
7f8a39aea000-7f8a39aeb000 rw-p 00105000 08:02 1310926                    /lib/x86_64-linux-gnu/libm-2.19.so
7f8a39aeb000-7f8a3a758000 r-xp 00000000 08:02 3811034                    /usr/local/java/jdk1.8.0_25/jre/lib/amd64/server/libjvm.so
7f8a3a758000-7f8a3a957000 ---p 00c6d000 08:02 3811034                    /usr/local/java/jdk1.8.0_25/jre/lib/amd64/server/libjvm.so
7f8a3a957000-7f8a3aa2d000 rw-p 00c6c000 08:02 3811034                    /usr/local/java/jdk1.8.0_25/jre/lib/amd64/server/libjvm.so
7f8a3aa2d000-7f8a3aa70000 rw-p 00000000 00:00 0 
7f8a3aa70000-7f8a3ac2b000 r-xp 00000000 08:02 1310918                    /lib/x86_64-linux-gnu/libc-2.19.so
7f8a3ac2b000-7f8a3ae2b000 ---p 001bb000 08:02 1310918                    /lib/x86_64-linux-gnu/libc-2.19.so
7f8a3ae2b000-7f8a3ae2f000 r--p 001bb000 08:02 1310918                    /lib/x86_64-linux-gnu/libc-2.19.so
7f8a3ae2f000-7f8a3ae31000 rw-p 001bf000 08:02 1310918                    /lib/x86_64-linux-gnu/libc-2.19.so
7f8a3ae31000-7f8a3ae36000 rw-p 00000000 00:00 0 
7f8a3ae36000-7f8a3ae39000 r-xp 00000000 08:02 1310922                    /lib/x86_64-linux-gnu/libdl-2.19.so
7f8a3ae39000-7f8a3b038000 ---p 00003000 08:02 1310922                    /lib/x86_64-linux-gnu/libdl-2.19.so
7f8a3b038000-7f8a3b039000 r--p 00002000 08:02 1310922                    /lib/x86_64-linux-gnu/libdl-2.19.so
7f8a3b039000-7f8a3b03a000 rw-p 00003000 08:02 1310922                    /lib/x86_64-linux-gnu/libdl-2.19.so
7f8a3b03a000-7f8a3b04f000 r-xp 00000000 08:02 3810332                    /usr/local/java/jdk1.8.0_25/lib/amd64/jli/libjli.so
7f8a3b04f000-7f8a3b24e000 ---p 00015000 08:02 3810332                    /usr/local/java/jdk1.8.0_25/lib/amd64/jli/libjli.so
7f8a3b24e000-7f8a3b24f000 rw-p 00014000 08:02 3810332                    /usr/local/java/jdk1.8.0_25/lib/amd64/jli/libjli.so
7f8a3b24f000-7f8a3b268000 r-xp 00000000 08:02 1310935                    /lib/x86_64-linux-gnu/libpthread-2.19.so
7f8a3b268000-7f8a3b467000 ---p 00019000 08:02 1310935                    /lib/x86_64-linux-gnu/libpthread-2.19.so
7f8a3b467000-7f8a3b468000 r--p 00018000 08:02 1310935                    /lib/x86_64-linux-gnu/libpthread-2.19.so
7f8a3b468000-7f8a3b469000 rw-p 00019000 08:02 1310935                    /lib/x86_64-linux-gnu/libpthread-2.19.so
7f8a3b469000-7f8a3b46d000 rw-p 00000000 00:00 0 
7f8a3b46d000-7f8a3b490000 r-xp 00000000 08:02 1310916                    /lib/x86_64-linux-gnu/ld-2.19.so
7f8a3b56e000-7f8a3b571000 ---p 00000000 00:00 0 
7f8a3b571000-7f8a3b673000 rw-p 00000000 00:00 0                          [stack:12141]
7f8a3b680000-7f8a3b683000 rw-p 00000000 00:00 0 
7f8a3b683000-7f8a3b68b000 rw-s 00000000 08:02 932505                     /tmp/hsperfdata_norpadon/12095
7f8a3b68b000-7f8a3b68c000 rw-p 00000000 00:00 0 
7f8a3b68c000-7f8a3b68d000 r--p 00000000 00:00 0 
7f8a3b68d000-7f8a3b68f000 rw-p 00000000 00:00 0 
7f8a3b68f000-7f8a3b690000 r--p 00022000 08:02 1310916                    /lib/x86_64-linux-gnu/ld-2.19.so
7f8a3b690000-7f8a3b691000 rw-p 00023000 08:02 1310916                    /lib/x86_64-linux-gnu/ld-2.19.so
7f8a3b691000-7f8a3b692000 rw-p 00000000 00:00 0 
7fffc3759000-7fffc377a000 rw-p 00000000 00:00 0                          [stack]
7fffc37af000-7fffc37b1000 r-xp 00000000 00:00 0                          [vdso]
ffffffffff600000-ffffffffff601000 r-xp 00000000 00:00 0                  [vsyscall]

VM Arguments:
jvm_args: -Dactivator.home=/home/norpadon/projects/snake -Xms1024m -Xmx1024m -XX:MetaspaceSize=64m -XX:MaxMetaspaceSize=256m 
java_command: /home/norpadon/projects/snake/activator-launch-1.2.12.jar run
java_class_path (initial): /home/norpadon/projects/snake/activator-launch-1.2.12.jar
Launcher Type: SUN_STANDARD

Environment Variables:
JAVA_HOME=/usr/local/java/jdk1.8.0_25/
JRE_HOME=$JAVA_HOME/jre
PATH=/usr/local/sbin:/usr/local/bin:/usr/sbin:/usr/bin:/sbin:/bin:/usr/games:/usr/local/games:/opt/pycharm-4.0.3/bin:/opt/clion-140.1221.2/bin:/opt/idea-IU-139.659.2/bin:/usr/local/java/jdk1.8.0_25/bin:/usr/local/java/jdk1.8.0_25/jre/bin:/opt/scala-2.11.4/bin:/opt/activator-1.2.12-minimal/
SHELL=/bin/bash
DISPLAY=:0

Signal Handlers:
SIGSEGV: [libjvm.so+0xa79a80], sa_mask[0]=11111111011111111101111111111110, sa_flags=SA_RESTART|SA_SIGINFO
SIGBUS: [libjvm.so+0xa79a80], sa_mask[0]=11111111011111111101111111111110, sa_flags=SA_RESTART|SA_SIGINFO
SIGFPE: [libjvm.so+0x8e24e0], sa_mask[0]=11111111011111111101111111111110, sa_flags=SA_RESTART|SA_SIGINFO
SIGPIPE: [libjvm.so+0x8e24e0], sa_mask[0]=11111111011111111101111111111110, sa_flags=SA_RESTART|SA_SIGINFO
SIGXFSZ: [libjvm.so+0x8e24e0], sa_mask[0]=11111111011111111101111111111110, sa_flags=SA_RESTART|SA_SIGINFO
SIGILL: [libjvm.so+0x8e24e0], sa_mask[0]=11111111011111111101111111111110, sa_flags=SA_RESTART|SA_SIGINFO
SIGUSR1: SIG_DFL, sa_mask[0]=00000000000000000000000000000000, sa_flags=none
SIGUSR2: [libjvm.so+0x8e3d10], sa_mask[0]=00000000000000000000000000000000, sa_flags=SA_RESTART|SA_SIGINFO
SIGHUP: SIG_DFL, sa_mask[0]=00000000000000000000000000000000, sa_flags=none
SIGINT: SIG_DFL, sa_mask[0]=00000000000000000000000000000000, sa_flags=none
SIGTERM: SIG_DFL, sa_mask[0]=00000000000000000000000000000000, sa_flags=none
SIGQUIT: SIG_DFL, sa_mask[0]=00000000000000000000000000000000, sa_flags=none


---------------  S Y S T E M  ---------------

OS:DISTRIB_ID=Ubuntu
DISTRIB_RELEASE=14.04
DISTRIB_CODENAME=trusty
DISTRIB_DESCRIPTION="Ubuntu 14.04.1 LTS"

uname:Linux 3.13.0-45-generic #74-Ubuntu SMP Tue Jan 13 19:36:28 UTC 2015 x86_64
libc:glibc 2.19 NPTL 2.19 
rlimit: STACK 8192k, CORE 0k, NPROC 29526, NOFILE 4096, AS infinity
load average:0.84 0.92 0.87

/proc/meminfo:
MemTotal:        3860668 kB
MemFree:          496688 kB
Buffers:           14584 kB
Cached:           768252 kB
SwapCached:            0 kB
Active:          2535800 kB
Inactive:         635520 kB
Active(anon):    2391744 kB
Inactive(anon):   525148 kB
Active(file):     144056 kB
Inactive(file):   110372 kB
Unevictable:         264 kB
Mlocked:             264 kB
SwapTotal:             0 kB
SwapFree:              0 kB
Dirty:              1120 kB
Writeback:             0 kB
AnonPages:       2388780 kB
Mapped:           300828 kB
Shmem:            528408 kB
Slab:              72920 kB
SReclaimable:      32008 kB
SUnreclaim:        40912 kB
KernelStack:        5296 kB
PageTables:        55264 kB
NFS_Unstable:          0 kB
Bounce:                0 kB
WritebackTmp:          0 kB
CommitLimit:     1930332 kB
Committed_AS:    8414536 kB
VmallocTotal:   34359738367 kB
VmallocUsed:      548656 kB
VmallocChunk:   34359174748 kB
HardwareCorrupted:     0 kB
AnonHugePages:    567296 kB
HugePages_Total:       0
HugePages_Free:        0
HugePages_Rsvd:        0
HugePages_Surp:        0
Hugepagesize:       2048 kB
DirectMap4k:       52992 kB
DirectMap2M:     3952640 kB


CPU:total 4 (2 cores per cpu, 2 threads per core) family 6 model 58 stepping 9, cmov, cx8, fxsr, mmx, sse, sse2, sse3, ssse3, sse4.1, sse4.2, popcnt, avx, aes, clmul, erms, ht, tsc, tscinvbit, tscinv

/proc/cpuinfo:
processor	: 0
vendor_id	: GenuineIntel
cpu family	: 6
model		: 58
model name	: Intel(R) Core(TM) i5-3337U CPU @ 1.80GHz
stepping	: 9
microcode	: 0x17
cpu MHz		: 774.000
cache size	: 3072 KB
physical id	: 0
siblings	: 4
core id		: 0
cpu cores	: 2
apicid		: 0
initial apicid	: 0
fpu		: yes
fpu_exception	: yes
cpuid level	: 13
wp		: yes
flags		: fpu vme de pse tsc msr pae mce cx8 apic sep mtrr pge mca cmov pat pse36 clflush dts acpi mmx fxsr sse sse2 ss ht tm pbe syscall nx rdtscp lm constant_tsc arch_perfmon pebs bts rep_good nopl xtopology nonstop_tsc aperfmperf eagerfpu pni pclmulqdq dtes64 monitor ds_cpl vmx est tm2 ssse3 cx16 xtpr pdcm pcid sse4_1 sse4_2 x2apic popcnt tsc_deadline_timer aes xsave avx f16c rdrand lahf_lm ida arat epb xsaveopt pln pts dtherm tpr_shadow vnmi flexpriority ept vpid fsgsbase smep erms
bogomips	: 3591.80
clflush size	: 64
cache_alignment	: 64
address sizes	: 36 bits physical, 48 bits virtual
power management:

processor	: 1
vendor_id	: GenuineIntel
cpu family	: 6
model		: 58
model name	: Intel(R) Core(TM) i5-3337U CPU @ 1.80GHz
stepping	: 9
microcode	: 0x17
cpu MHz		: 1400.000
cache size	: 3072 KB
physical id	: 0
siblings	: 4
core id		: 0
cpu cores	: 2
apicid		: 1
initial apicid	: 1
fpu		: yes
fpu_exception	: yes
cpuid level	: 13
wp		: yes
flags		: fpu vme de pse tsc msr pae mce cx8 apic sep mtrr pge mca cmov pat pse36 clflush dts acpi mmx fxsr sse sse2 ss ht tm pbe syscall nx rdtscp lm constant_tsc arch_perfmon pebs bts rep_good nopl xtopology nonstop_tsc aperfmperf eagerfpu pni pclmulqdq dtes64 monitor ds_cpl vmx est tm2 ssse3 cx16 xtpr pdcm pcid sse4_1 sse4_2 x2apic popcnt tsc_deadline_timer aes xsave avx f16c rdrand lahf_lm ida arat epb xsaveopt pln pts dtherm tpr_shadow vnmi flexpriority ept vpid fsgsbase smep erms
bogomips	: 3591.80
clflush size	: 64
cache_alignment	: 64
address sizes	: 36 bits physical, 48 bits virtual
power management:

processor	: 2
vendor_id	: GenuineIntel
cpu family	: 6
model		: 58
model name	: Intel(R) Core(TM) i5-3337U CPU @ 1.80GHz
stepping	: 9
microcode	: 0x17
cpu MHz		: 1000.000
cache size	: 3072 KB
physical id	: 0
siblings	: 4
core id		: 1
cpu cores	: 2
apicid		: 2
initial apicid	: 2
fpu		: yes
fpu_exception	: yes
cpuid level	: 13
wp		: yes
flags		: fpu vme de pse tsc msr pae mce cx8 apic sep mtrr pge mca cmov pat pse36 clflush dts acpi mmx fxsr sse sse2 ss ht tm pbe syscall nx rdtscp lm constant_tsc arch_perfmon pebs bts rep_good nopl xtopology nonstop_tsc aperfmperf eagerfpu pni pclmulqdq dtes64 monitor ds_cpl vmx est tm2 ssse3 cx16 xtpr pdcm pcid sse4_1 sse4_2 x2apic popcnt tsc_deadline_timer aes xsave avx f16c rdrand lahf_lm ida arat epb xsaveopt pln pts dtherm tpr_shadow vnmi flexpriority ept vpid fsgsbase smep erms
bogomips	: 3591.80
clflush size	: 64
cache_alignment	: 64
address sizes	: 36 bits physical, 48 bits virtual
power management:

processor	: 3
vendor_id	: GenuineIntel
cpu family	: 6
model		: 58
model name	: Intel(R) Core(TM) i5-3337U CPU @ 1.80GHz
stepping	: 9
microcode	: 0x17
cpu MHz		: 774.000
cache size	: 3072 KB
physical id	: 0
siblings	: 4
core id		: 1
cpu cores	: 2
apicid		: 3
initial apicid	: 3
fpu		: yes
fpu_exception	: yes
cpuid level	: 13
wp		: yes
flags		: fpu vme de pse tsc msr pae mce cx8 apic sep mtrr pge mca cmov pat pse36 clflush dts acpi mmx fxsr sse sse2 ss ht tm pbe syscall nx rdtscp lm constant_tsc arch_perfmon pebs bts rep_good nopl xtopology nonstop_tsc aperfmperf eagerfpu pni pclmulqdq dtes64 monitor ds_cpl vmx est tm2 ssse3 cx16 xtpr pdcm pcid sse4_1 sse4_2 x2apic popcnt tsc_deadline_timer aes xsave avx f16c rdrand lahf_lm ida arat epb xsaveopt pln pts dtherm tpr_shadow vnmi flexpriority ept vpid fsgsbase smep erms
bogomips	: 3591.80
clflush size	: 64
cache_alignment	: 64
address sizes	: 36 bits physical, 48 bits virtual
power management:



Memory: 4k page, physical 3860668k(496688k free), swap 0k(0k free)

vm_info: Java HotSpot(TM) 64-Bit Server VM (25.25-b02) for linux-amd64 JRE (1.8.0_25-b17), built on Sep 17 2014 17:32:11 by "java_re" with gcc 4.3.0 20080428 (Red Hat 4.3.0-8)

time: Sat Jan 24 15:23:04 2015
elapsed time: 0 seconds (0d 0h 0m 0s)

