#
# There is insufficient memory for the Java Runtime Environment to continue.
# Native memory allocation (mmap) failed to map 357564416 bytes for committing reserved memory.
# Possible reasons:
#   The system is out of physical RAM or swap space
#   In 32 bit mode, the process size limit was hit
# Possible solutions:
#   Reduce memory load on the system
#   Increase physical memory or swap space
#   Check if swap backing store is full
#   Use 64 bit Java on a 64 bit OS
#   Decrease Java heap size (-Xmx/-Xms)
#   Decrease number of Java threads
#   Decrease Java thread stack sizes (-Xss)
#   Set larger code cache with -XX:ReservedCodeCacheSize=
# This output file may be truncated or incomplete.
#
#  Out of Memory Error (os_linux.cpp:2671), pid=9022, tid=140468772398848
#
# JRE version:  (8.0_25-b17) (build )
# Java VM: Java HotSpot(TM) 64-Bit Server VM (25.25-b02 mixed mode linux-amd64 compressed oops)
# Failed to write core dump. Core dumps have been disabled. To enable core dumping, try "ulimit -c unlimited" before starting Java again
#

---------------  T H R E A D  ---------------

Current thread (0x00007fc168009800):  JavaThread "Unknown thread" [_thread_in_vm, id=9068, stack(0x00007fc16f37e000,0x00007fc16f47f000)]

Stack: [0x00007fc16f37e000,0x00007fc16f47f000],  sp=0x00007fc16f47d430,  free space=1021k
Native frames: (J=compiled Java code, j=interpreted, Vv=VM code, C=native code)
V  [libjvm.so+0xa7923a]  VMError::report_and_die()+0x2ca
V  [libjvm.so+0x4e552b]  report_vm_out_of_memory(char const*, int, unsigned long, VMErrorType, char const*)+0x8b
V  [libjvm.so+0x8e5613]  os::Linux::commit_memory_impl(char*, unsigned long, bool)+0x103
V  [libjvm.so+0x8e5b69]  os::pd_commit_memory(char*, unsigned long, unsigned long, bool)+0x29
V  [libjvm.so+0x8df83a]  os::commit_memory(char*, unsigned long, unsigned long, bool)+0x2a
V  [libjvm.so+0x94f923]  PSVirtualSpace::expand_by(unsigned long)+0x53
V  [libjvm.so+0x9508e7]  PSYoungGen::initialize_virtual_space(ReservedSpace, unsigned long)+0x77
V  [libjvm.so+0x95126e]  PSYoungGen::initialize(ReservedSpace, unsigned long)+0x3e
V  [libjvm.so+0x2d2801]  AdjoiningGenerations::AdjoiningGenerations(ReservedSpace, GenerationSizer*, unsigned long)+0x351
V  [libjvm.so+0x906f2e]  ParallelScavengeHeap::initialize()+0x1ae
V  [libjvm.so+0xa4528d]  Universe::initialize_heap()+0xfd
V  [libjvm.so+0xa456af]  universe_init()+0x3f
V  [libjvm.so+0x612435]  init_globals()+0x65
V  [libjvm.so+0xa2b25d]  Threads::create_vm(JavaVMInitArgs*, bool*)+0x24d
V  [libjvm.so+0x6a9704]  JNI_CreateJavaVM+0x74
C  [libjli.so+0x736e]  JavaMain+0x9e
C  [libpthread.so.0+0x8182]  start_thread+0xc2


---------------  P R O C E S S  ---------------

Java Threads: ( => current thread )

Other Threads:

=>0x00007fc168009800 (exited) JavaThread "Unknown thread" [_thread_in_vm, id=9068, stack(0x00007fc16f37e000,0x00007fc16f47f000)]

VM state:not at safepoint (not fully initialized)

VM Mutex/Monitor currently owned by a thread: None

GC Heap History (0 events):
No events

Deoptimization events (0 events):
No events

Internal exceptions (0 events):
No events

Events (0 events):
No events


Dynamic libraries:
00400000-00401000 r-xp 00000000 08:02 3286214                            /usr/local/java/jdk1.8.0_25/bin/java
00600000-00601000 rw-p 00000000 08:02 3286214                            /usr/local/java/jdk1.8.0_25/bin/java
023da000-023fb000 rw-p 00000000 00:00 0                                  [heap]
c0000000-eab00000 ---p 00000000 00:00 0 
7fc158c75000-7fc158dff000 rw-p 00000000 00:00 0 
7fc158dff000-7fc158fff000 ---p 00000000 00:00 0 
7fc158fff000-7fc159000000 rw-p 00000000 00:00 0 
7fc159000000-7fc159270000 rwxp 00000000 00:00 0 
7fc159270000-7fc168000000 ---p 00000000 00:00 0 
7fc168000000-7fc168031000 rw-p 00000000 00:00 0 
7fc168031000-7fc16c000000 ---p 00000000 00:00 0 
7fc16c0b1000-7fc16c1a6000 rw-p 00000000 00:00 0 
7fc16c1a6000-7fc16c55c000 ---p 00000000 00:00 0 
7fc16c55c000-7fc16c576000 r-xp 00000000 08:02 3557204                    /usr/local/java/jdk1.8.0_25/jre/lib/amd64/libzip.so
7fc16c576000-7fc16c776000 ---p 0001a000 08:02 3557204                    /usr/local/java/jdk1.8.0_25/jre/lib/amd64/libzip.so
7fc16c776000-7fc16c777000 rw-p 0001a000 08:02 3557204                    /usr/local/java/jdk1.8.0_25/jre/lib/amd64/libzip.so
7fc16c777000-7fc16c782000 r-xp 00000000 08:02 1310936                    /lib/x86_64-linux-gnu/libnss_files-2.19.so
7fc16c782000-7fc16c981000 ---p 0000b000 08:02 1310936                    /lib/x86_64-linux-gnu/libnss_files-2.19.so
7fc16c981000-7fc16c982000 r--p 0000a000 08:02 1310936                    /lib/x86_64-linux-gnu/libnss_files-2.19.so
7fc16c982000-7fc16c983000 rw-p 0000b000 08:02 1310936                    /lib/x86_64-linux-gnu/libnss_files-2.19.so
7fc16c983000-7fc16c98e000 r-xp 00000000 08:02 1310933                    /lib/x86_64-linux-gnu/libnss_nis-2.19.so
7fc16c98e000-7fc16cb8d000 ---p 0000b000 08:02 1310933                    /lib/x86_64-linux-gnu/libnss_nis-2.19.so
7fc16cb8d000-7fc16cb8e000 r--p 0000a000 08:02 1310933                    /lib/x86_64-linux-gnu/libnss_nis-2.19.so
7fc16cb8e000-7fc16cb8f000 rw-p 0000b000 08:02 1310933                    /lib/x86_64-linux-gnu/libnss_nis-2.19.so
7fc16cb8f000-7fc16cba6000 r-xp 00000000 08:02 1310927                    /lib/x86_64-linux-gnu/libnsl-2.19.so
7fc16cba6000-7fc16cda5000 ---p 00017000 08:02 1310927                    /lib/x86_64-linux-gnu/libnsl-2.19.so
7fc16cda5000-7fc16cda6000 r--p 00016000 08:02 1310927                    /lib/x86_64-linux-gnu/libnsl-2.19.so
7fc16cda6000-7fc16cda7000 rw-p 00017000 08:02 1310927                    /lib/x86_64-linux-gnu/libnsl-2.19.so
7fc16cda7000-7fc16cda9000 rw-p 00000000 00:00 0 
7fc16cda9000-7fc16cdb2000 r-xp 00000000 08:02 1310924                    /lib/x86_64-linux-gnu/libnss_compat-2.19.so
7fc16cdb2000-7fc16cfb1000 ---p 00009000 08:02 1310924                    /lib/x86_64-linux-gnu/libnss_compat-2.19.so
7fc16cfb1000-7fc16cfb2000 r--p 00008000 08:02 1310924                    /lib/x86_64-linux-gnu/libnss_compat-2.19.so
7fc16cfb2000-7fc16cfb3000 rw-p 00009000 08:02 1310924                    /lib/x86_64-linux-gnu/libnss_compat-2.19.so
7fc16cfb3000-7fc16cfdd000 r-xp 00000000 08:02 3557185                    /usr/local/java/jdk1.8.0_25/jre/lib/amd64/libjava.so
7fc16cfdd000-7fc16d1dd000 ---p 0002a000 08:02 3557185                    /usr/local/java/jdk1.8.0_25/jre/lib/amd64/libjava.so
7fc16d1dd000-7fc16d1df000 rw-p 0002a000 08:02 3557185                    /usr/local/java/jdk1.8.0_25/jre/lib/amd64/libjava.so
7fc16d1df000-7fc16d1ec000 r-xp 00000000 08:02 3557198                    /usr/local/java/jdk1.8.0_25/jre/lib/amd64/libverify.so
7fc16d1ec000-7fc16d3ec000 ---p 0000d000 08:02 3557198                    /usr/local/java/jdk1.8.0_25/jre/lib/amd64/libverify.so
7fc16d3ec000-7fc16d3ee000 rw-p 0000d000 08:02 3557198                    /usr/local/java/jdk1.8.0_25/jre/lib/amd64/libverify.so
7fc16d3ee000-7fc16d3f5000 r-xp 00000000 08:02 1310919                    /lib/x86_64-linux-gnu/librt-2.19.so
7fc16d3f5000-7fc16d5f4000 ---p 00007000 08:02 1310919                    /lib/x86_64-linux-gnu/librt-2.19.so
7fc16d5f4000-7fc16d5f5000 r--p 00006000 08:02 1310919                    /lib/x86_64-linux-gnu/librt-2.19.so
7fc16d5f5000-7fc16d5f6000 rw-p 00007000 08:02 1310919                    /lib/x86_64-linux-gnu/librt-2.19.so
7fc16d5f6000-7fc16d6fb000 r-xp 00000000 08:02 1310926                    /lib/x86_64-linux-gnu/libm-2.19.so
7fc16d6fb000-7fc16d8fa000 ---p 00105000 08:02 1310926                    /lib/x86_64-linux-gnu/libm-2.19.so
7fc16d8fa000-7fc16d8fb000 r--p 00104000 08:02 1310926                    /lib/x86_64-linux-gnu/libm-2.19.so
7fc16d8fb000-7fc16d8fc000 rw-p 00105000 08:02 1310926                    /lib/x86_64-linux-gnu/libm-2.19.so
7fc16d8fc000-7fc16e569000 r-xp 00000000 08:02 3811034                    /usr/local/java/jdk1.8.0_25/jre/lib/amd64/server/libjvm.so
7fc16e569000-7fc16e768000 ---p 00c6d000 08:02 3811034                    /usr/local/java/jdk1.8.0_25/jre/lib/amd64/server/libjvm.so
7fc16e768000-7fc16e83e000 rw-p 00c6c000 08:02 3811034                    /usr/local/java/jdk1.8.0_25/jre/lib/amd64/server/libjvm.so
7fc16e83e000-7fc16e881000 rw-p 00000000 00:00 0 
7fc16e881000-7fc16ea3c000 r-xp 00000000 08:02 1310918                    /lib/x86_64-linux-gnu/libc-2.19.so
7fc16ea3c000-7fc16ec3c000 ---p 001bb000 08:02 1310918                    /lib/x86_64-linux-gnu/libc-2.19.so
7fc16ec3c000-7fc16ec40000 r--p 001bb000 08:02 1310918                    /lib/x86_64-linux-gnu/libc-2.19.so
7fc16ec40000-7fc16ec42000 rw-p 001bf000 08:02 1310918                    /lib/x86_64-linux-gnu/libc-2.19.so
7fc16ec42000-7fc16ec47000 rw-p 00000000 00:00 0 
7fc16ec47000-7fc16ec4a000 r-xp 00000000 08:02 1310922                    /lib/x86_64-linux-gnu/libdl-2.19.so
7fc16ec4a000-7fc16ee49000 ---p 00003000 08:02 1310922                    /lib/x86_64-linux-gnu/libdl-2.19.so
7fc16ee49000-7fc16ee4a000 r--p 00002000 08:02 1310922                    /lib/x86_64-linux-gnu/libdl-2.19.so
7fc16ee4a000-7fc16ee4b000 rw-p 00003000 08:02 1310922                    /lib/x86_64-linux-gnu/libdl-2.19.so
7fc16ee4b000-7fc16ee60000 r-xp 00000000 08:02 3810332                    /usr/local/java/jdk1.8.0_25/lib/amd64/jli/libjli.so
7fc16ee60000-7fc16f05f000 ---p 00015000 08:02 3810332                    /usr/local/java/jdk1.8.0_25/lib/amd64/jli/libjli.so
7fc16f05f000-7fc16f060000 rw-p 00014000 08:02 3810332                    /usr/local/java/jdk1.8.0_25/lib/amd64/jli/libjli.so
7fc16f060000-7fc16f079000 r-xp 00000000 08:02 1310935                    /lib/x86_64-linux-gnu/libpthread-2.19.so
7fc16f079000-7fc16f278000 ---p 00019000 08:02 1310935                    /lib/x86_64-linux-gnu/libpthread-2.19.so
7fc16f278000-7fc16f279000 r--p 00018000 08:02 1310935                    /lib/x86_64-linux-gnu/libpthread-2.19.so
7fc16f279000-7fc16f27a000 rw-p 00019000 08:02 1310935                    /lib/x86_64-linux-gnu/libpthread-2.19.so
7fc16f27a000-7fc16f27e000 rw-p 00000000 00:00 0 
7fc16f27e000-7fc16f2a1000 r-xp 00000000 08:02 1310916                    /lib/x86_64-linux-gnu/ld-2.19.so
7fc16f37e000-7fc16f381000 ---p 00000000 00:00 0 
7fc16f381000-7fc16f483000 rw-p 00000000 00:00 0                          [stack:9068]
7fc16f491000-7fc16f494000 rw-p 00000000 00:00 0 
7fc16f494000-7fc16f49c000 rw-s 00000000 08:02 932562                     /tmp/hsperfdata_norpadon/9022
7fc16f49c000-7fc16f49d000 rw-p 00000000 00:00 0 
7fc16f49d000-7fc16f49e000 r--p 00000000 00:00 0 
7fc16f49e000-7fc16f4a0000 rw-p 00000000 00:00 0 
7fc16f4a0000-7fc16f4a1000 r--p 00022000 08:02 1310916                    /lib/x86_64-linux-gnu/ld-2.19.so
7fc16f4a1000-7fc16f4a2000 rw-p 00023000 08:02 1310916                    /lib/x86_64-linux-gnu/ld-2.19.so
7fc16f4a2000-7fc16f4a3000 rw-p 00000000 00:00 0 
7fffd2516000-7fffd2537000 rw-p 00000000 00:00 0                          [stack]
7fffd25fe000-7fffd2600000 r-xp 00000000 00:00 0                          [vdso]
ffffffffff600000-ffffffffff601000 r-xp 00000000 00:00 0                  [vsyscall]

VM Arguments:
jvm_args: -Dactivator.home=/home/norpadon/projects/snake -Xms1024m -Xmx1024m -XX:MetaspaceSize=64m -XX:MaxMetaspaceSize=256m 
java_command: /home/norpadon/projects/snake/activator-launch-1.2.12.jar run
java_class_path (initial): /home/norpadon/projects/snake/activator-launch-1.2.12.jar
Launcher Type: SUN_STANDARD

Environment Variables:
JAVA_HOME=/usr/local/java/jdk1.8.0_25/
JRE_HOME=$JAVA_HOME/jre
PATH=/usr/local/sbin:/usr/local/bin:/usr/sbin:/usr/bin:/sbin:/bin:/usr/games:/usr/local/games:/opt/pycharm-4.0.3/bin:/opt/clion-140.1221.2/bin:/opt/idea-IU-139.659.2/bin:/usr/local/java/jdk1.8.0_25/bin:/usr/local/java/jdk1.8.0_25/jre/bin:/opt/scala-2.11.4/bin:/opt/activator-1.2.12-minimal/
SHELL=/bin/bash
DISPLAY=:0

Signal Handlers:
SIGSEGV: [libjvm.so+0xa79a80], sa_mask[0]=11111111011111111101111111111110, sa_flags=SA_RESTART|SA_SIGINFO
SIGBUS: [libjvm.so+0xa79a80], sa_mask[0]=11111111011111111101111111111110, sa_flags=SA_RESTART|SA_SIGINFO
SIGFPE: [libjvm.so+0x8e24e0], sa_mask[0]=11111111011111111101111111111110, sa_flags=SA_RESTART|SA_SIGINFO
SIGPIPE: [libjvm.so+0x8e24e0], sa_mask[0]=11111111011111111101111111111110, sa_flags=SA_RESTART|SA_SIGINFO
SIGXFSZ: [libjvm.so+0x8e24e0], sa_mask[0]=11111111011111111101111111111110, sa_flags=SA_RESTART|SA_SIGINFO
SIGILL: [libjvm.so+0x8e24e0], sa_mask[0]=11111111011111111101111111111110, sa_flags=SA_RESTART|SA_SIGINFO
SIGUSR1: SIG_DFL, sa_mask[0]=00000000000000000000000000000000, sa_flags=none
SIGUSR2: [libjvm.so+0x8e3d10], sa_mask[0]=00000000000000000000000000000000, sa_flags=SA_RESTART|SA_SIGINFO
SIGHUP: SIG_DFL, sa_mask[0]=00000000000000000000000000000000, sa_flags=none
SIGINT: SIG_DFL, sa_mask[0]=00000000000000000000000000000000, sa_flags=none
SIGTERM: SIG_DFL, sa_mask[0]=00000000000000000000000000000000, sa_flags=none
SIGQUIT: SIG_DFL, sa_mask[0]=00000000000000000000000000000000, sa_flags=none


---------------  S Y S T E M  ---------------

OS:DISTRIB_ID=Ubuntu
DISTRIB_RELEASE=14.04
DISTRIB_CODENAME=trusty
DISTRIB_DESCRIPTION="Ubuntu 14.04.1 LTS"

uname:Linux 3.13.0-45-generic #74-Ubuntu SMP Tue Jan 13 19:36:28 UTC 2015 x86_64
libc:glibc 2.19 NPTL 2.19 
rlimit: STACK 8192k, CORE 0k, NPROC 29526, NOFILE 4096, AS infinity
load average:1.68 1.53 1.23

/proc/meminfo:
MemTotal:        3860668 kB
MemFree:          131628 kB
Buffers:            9072 kB
Cached:           644280 kB
SwapCached:            0 kB
Active:          3133484 kB
Inactive:         404900 kB
Active(anon):    3083768 kB
Inactive(anon):   358804 kB
Active(file):      49716 kB
Inactive(file):    46096 kB
Unevictable:         264 kB
Mlocked:             264 kB
SwapTotal:             0 kB
SwapFree:              0 kB
Dirty:               144 kB
Writeback:             0 kB
AnonPages:       2885852 kB
Mapped:           238280 kB
Shmem:            556884 kB
Slab:              74784 kB
SReclaimable:      32284 kB
SUnreclaim:        42500 kB
KernelStack:        5432 kB
PageTables:        51712 kB
NFS_Unstable:          0 kB
Bounce:                0 kB
WritebackTmp:          0 kB
CommitLimit:     1930332 kB
Committed_AS:    7900772 kB
VmallocTotal:   34359738367 kB
VmallocUsed:      548624 kB
VmallocChunk:   34359129452 kB
HardwareCorrupted:     0 kB
AnonHugePages:    393216 kB
HugePages_Total:       0
HugePages_Free:        0
HugePages_Rsvd:        0
HugePages_Surp:        0
Hugepagesize:       2048 kB
DirectMap4k:       52992 kB
DirectMap2M:     3952640 kB


CPU:total 4 (2 cores per cpu, 2 threads per core) family 6 model 58 stepping 9, cmov, cx8, fxsr, mmx, sse, sse2, sse3, ssse3, sse4.1, sse4.2, popcnt, avx, aes, clmul, erms, ht, tsc, tscinvbit, tscinv

/proc/cpuinfo:
processor	: 0
vendor_id	: GenuineIntel
cpu family	: 6
model		: 58
model name	: Intel(R) Core(TM) i5-3337U CPU @ 1.80GHz
stepping	: 9
microcode	: 0x17
cpu MHz		: 1801.000
cache size	: 3072 KB
physical id	: 0
siblings	: 4
core id		: 0
cpu cores	: 2
apicid		: 0
initial apicid	: 0
fpu		: yes
fpu_exception	: yes
cpuid level	: 13
wp		: yes
flags		: fpu vme de pse tsc msr pae mce cx8 apic sep mtrr pge mca cmov pat pse36 clflush dts acpi mmx fxsr sse sse2 ss ht tm pbe syscall nx rdtscp lm constant_tsc arch_perfmon pebs bts rep_good nopl xtopology nonstop_tsc aperfmperf eagerfpu pni pclmulqdq dtes64 monitor ds_cpl vmx est tm2 ssse3 cx16 xtpr pdcm pcid sse4_1 sse4_2 x2apic popcnt tsc_deadline_timer aes xsave avx f16c rdrand lahf_lm ida arat epb xsaveopt pln pts dtherm tpr_shadow vnmi flexpriority ept vpid fsgsbase smep erms
bogomips	: 3591.80
clflush size	: 64
cache_alignment	: 64
address sizes	: 36 bits physical, 48 bits virtual
power management:

processor	: 1
vendor_id	: GenuineIntel
cpu family	: 6
model		: 58
model name	: Intel(R) Core(TM) i5-3337U CPU @ 1.80GHz
stepping	: 9
microcode	: 0x17
cpu MHz		: 774.000
cache size	: 3072 KB
physical id	: 0
siblings	: 4
core id		: 0
cpu cores	: 2
apicid		: 1
initial apicid	: 1
fpu		: yes
fpu_exception	: yes
cpuid level	: 13
wp		: yes
flags		: fpu vme de pse tsc msr pae mce cx8 apic sep mtrr pge mca cmov pat pse36 clflush dts acpi mmx fxsr sse sse2 ss ht tm pbe syscall nx rdtscp lm constant_tsc arch_perfmon pebs bts rep_good nopl xtopology nonstop_tsc aperfmperf eagerfpu pni pclmulqdq dtes64 monitor ds_cpl vmx est tm2 ssse3 cx16 xtpr pdcm pcid sse4_1 sse4_2 x2apic popcnt tsc_deadline_timer aes xsave avx f16c rdrand lahf_lm ida arat epb xsaveopt pln pts dtherm tpr_shadow vnmi flexpriority ept vpid fsgsbase smep erms
bogomips	: 3591.80
clflush size	: 64
cache_alignment	: 64
address sizes	: 36 bits physical, 48 bits virtual
power management:

processor	: 2
vendor_id	: GenuineIntel
cpu family	: 6
model		: 58
model name	: Intel(R) Core(TM) i5-3337U CPU @ 1.80GHz
stepping	: 9
microcode	: 0x17
cpu MHz		: 774.000
cache size	: 3072 KB
physical id	: 0
siblings	: 4
core id		: 1
cpu cores	: 2
apicid		: 2
initial apicid	: 2
fpu		: yes
fpu_exception	: yes
cpuid level	: 13
wp		: yes
flags		: fpu vme de pse tsc msr pae mce cx8 apic sep mtrr pge mca cmov pat pse36 clflush dts acpi mmx fxsr sse sse2 ss ht tm pbe syscall nx rdtscp lm constant_tsc arch_perfmon pebs bts rep_good nopl xtopology nonstop_tsc aperfmperf eagerfpu pni pclmulqdq dtes64 monitor ds_cpl vmx est tm2 ssse3 cx16 xtpr pdcm pcid sse4_1 sse4_2 x2apic popcnt tsc_deadline_timer aes xsave avx f16c rdrand lahf_lm ida arat epb xsaveopt pln pts dtherm tpr_shadow vnmi flexpriority ept vpid fsgsbase smep erms
bogomips	: 3591.80
clflush size	: 64
cache_alignment	: 64
address sizes	: 36 bits physical, 48 bits virtual
power management:

processor	: 3
vendor_id	: GenuineIntel
cpu family	: 6
model		: 58
model name	: Intel(R) Core(TM) i5-3337U CPU @ 1.80GHz
stepping	: 9
microcode	: 0x17
cpu MHz		: 774.000
cache size	: 3072 KB
physical id	: 0
siblings	: 4
core id		: 1
cpu cores	: 2
apicid		: 3
initial apicid	: 3
fpu		: yes
fpu_exception	: yes
cpuid level	: 13
wp		: yes
flags		: fpu vme de pse tsc msr pae mce cx8 apic sep mtrr pge mca cmov pat pse36 clflush dts acpi mmx fxsr sse sse2 ss ht tm pbe syscall nx rdtscp lm constant_tsc arch_perfmon pebs bts rep_good nopl xtopology nonstop_tsc aperfmperf eagerfpu pni pclmulqdq dtes64 monitor ds_cpl vmx est tm2 ssse3 cx16 xtpr pdcm pcid sse4_1 sse4_2 x2apic popcnt tsc_deadline_timer aes xsave avx f16c rdrand lahf_lm ida arat epb xsaveopt pln pts dtherm tpr_shadow vnmi flexpriority ept vpid fsgsbase smep erms
bogomips	: 3591.80
clflush size	: 64
cache_alignment	: 64
address sizes	: 36 bits physical, 48 bits virtual
power management:



Memory: 4k page, physical 3860668k(131628k free), swap 0k(0k free)

vm_info: Java HotSpot(TM) 64-Bit Server VM (25.25-b02) for linux-amd64 JRE (1.8.0_25-b17), built on Sep 17 2014 17:32:11 by "java_re" with gcc 4.3.0 20080428 (Red Hat 4.3.0-8)

time: Wed Jan 28 00:39:12 2015
elapsed time: 0 seconds (0d 0h 0m 0s)

